2020.06.01 20:24:54 INFO  started: Metals version 0.9.0 in workspace '/home/valtteri/Programming/Scala/Updated2DShooterPlatformer'
2020.06.01 20:24:55 INFO  time: initialize in 0.82s
2020.06.01 20:24:57 INFO  running '/usr/lib/jvm/java-11-openjdk-amd64/bin/java -Djline.terminal=jline.UnsupportedTerminal -Dsbt.log.noformat=true -Dfile.encoding=UTF-8 -jar /tmp/metals6097909388600160432/sbt-launch.jar -Dbloop.export-jar-classifiers=sources bloopInstall'
2020.06.01 20:24:59 INFO  [info] Loading global plugins from /home/valtteri/.sbt/1.0/plugins
2020.06.01 20:25:00 INFO  [info] Loading project definition from /home/valtteri/Programming/Scala/Updated2DShooterPlatformer/project/project
2020.06.01 20:25:00 INFO  [info] Updating ProjectRef(uri("file:/home/valtteri/Programming/Scala/Updated2DShooterPlatformer/project/project/"), "updated2dshooterplatformer-build-build")...
2020.06.01 20:25:02 INFO  [info] Done updating.
2020.06.01 20:25:03 INFO  [info] Loading settings for project updated2dshooterplatformer-build from assembly.sbt,metals.sbt ...
2020.06.01 20:25:03 INFO  [info] Loading project definition from /home/valtteri/Programming/Scala/Updated2DShooterPlatformer/project
2020.06.01 20:25:03 INFO  [info] Updating ProjectRef(uri("file:/home/valtteri/Programming/Scala/Updated2DShooterPlatformer/project/"), "updated2dshooterplatformer-build")...
2020.06.01 20:25:05 INFO  [info] Done updating.
2020.06.01 20:25:05 INFO  [warn] There may be incompatibilities among your library dependencies.
2020.06.01 20:25:05 INFO  [warn] Run 'evicted' to see detailed eviction warnings
2020.06.01 20:25:05 INFO  [info] Set current project to updated2dshooterplatformer (in build file:/home/valtteri/Programming/Scala/Updated2DShooterPlatformer/)
2020.06.01 20:25:05 INFO  [info] Updating ...
2020.06.01 20:25:05 INFO  [info] Done updating.
2020.06.01 20:25:05 INFO  [success] Generated .bloop/updated2dshooterplatformer-test.json
2020.06.01 20:25:05 INFO  [success] Generated .bloop/updated2dshooterplatformer.json
2020.06.01 20:25:05 INFO  [success] Total time: 0 s, completed Jun 1, 2020, 8:25:05 PM
2020.06.01 20:25:05 INFO  build tool exit: 0
2020.06.01 20:25:05 INFO  time: ran 'sbt bloopInstall' in 8.56s
Starting the bsp launcher for bloop...
Opening a bsp server connection with 'bsp --protocol local --socket /tmp/bsp-launcher8362850647726476024/bsp.socket'...
Waiting for the bsp connection to come up...
[0m[32m[D][0m Loading 2 projects from '/home/valtteri/Programming/Scala/Updated2DShooterPlatformer/.bloop'...
[0m[32m[D][0m Loading project from '/home/valtteri/Programming/Scala/Updated2DShooterPlatformer/.bloop/updated2dshooterplatformer-test.json'
[0m[32m[D][0m Loading project from '/home/valtteri/Programming/Scala/Updated2DShooterPlatformer/.bloop/updated2dshooterplatformer.json'
[0m[32m[D][0m Waiting for a connection at local:///tmp/bsp-launcher8362850647726476024/bsp.socket...
The server is listening for incoming connections at local:///tmp/bsp-launcher8362850647726476024/bsp.socket...
Starting thread that pumps stdin and redirects it to the bsp server...
Starting thread that pumps server stdout and redirects it to the client stdout...
2020.06.01 20:25:05 INFO  tracing is disabled for protocol BSP, to enable tracing of incoming and outgoing JSON messages create an empty file at /home/valtteri/.cache/metals/bsp.trace.json
2020.06.01 20:25:05 INFO  Connected to Build server v1.4.0-RC1-229-b7c15aa9
2020.06.01 20:25:07 WARN  Could not find java sources in None. Java symbols will not be available.
2020.06.01 20:25:07 INFO  time: indexed workspace in 1.92s
2020.06.01 20:25:27 WARN  unsupported Scala 2.12.6
2020.06.01 20:25:27 INFO  no build target: using presentation compiler with only scala-library
2020.06.01 20:25:28 WARN  unsupported Scala 2.12.6
2020.06.01 20:25:28 WARN  unsupported Scala 2.12.6
2020.06.01 20:25:28 WARN  unsupported Scala 2.12.6
2020.06.01 20:25:28 WARN  unsupported Scala 2.12.6
2020.06.01 20:25:28 INFO  compiling updated2dshooterplatformer (17 scala sources)
2020.06.01 20:25:32 WARN  unsupported Scala 2.12.6
2020.06.01 20:25:52 INFO  time: compiled updated2dshooterplatformer in 23s
2020.06.01 20:25:57 WARN  unsupported Scala 2.12.6
2020.06.01 20:25:57 WARN  unsupported Scala 2.12.6
2020.06.01 20:26:01 WARN  unsupported Scala 2.12.6
2020.06.01 20:26:03 WARN  unsupported Scala 2.12.6
2020.06.01 20:26:03 WARN  unsupported Scala 2.12.6
2020.06.01 20:26:03 WARN  unsupported Scala 2.12.6
2020.06.01 20:26:03 INFO  compiling updated2dshooterplatformer (17 scala sources)
2020.06.01 20:26:03 WARN  unsupported Scala 2.12.6
2020.06.01 20:26:04 INFO  time: compiled updated2dshooterplatformer in 1.39s
2020.06.01 20:26:07 WARN  unsupported Scala 2.12.6
2020.06.01 20:26:12 WARN  unsupported Scala 2.12.6
2020.06.01 20:26:12 WARN  unsupported Scala 2.12.6
2020.06.01 20:26:14 WARN  unsupported Scala 2.12.6
2020.06.01 20:26:14 WARN  unsupported Scala 2.12.6
2020.06.01 20:26:14 WARN  unsupported Scala 2.12.6
2020.06.01 20:26:15 WARN  unsupported Scala 2.12.6
2020.06.01 20:26:24 WARN  unsupported Scala 2.12.6
2020.06.01 20:26:36 WARN  unsupported Scala 2.12.6
2020.06.01 20:26:36 WARN  unsupported Scala 2.12.6
2020.06.01 20:26:36 WARN  unsupported Scala 2.12.6
2020.06.01 20:26:36 WARN  unsupported Scala 2.12.6
2020.06.01 20:26:36 INFO  compiling updated2dshooterplatformer (17 scala sources)
2020.06.01 20:26:36 WARN  unsupported Scala 2.12.6
2020.06.01 20:26:37 INFO  time: compiled updated2dshooterplatformer in 1.24s
2020.06.01 20:26:37 WARN  unsupported Scala 2.12.6
2020.06.01 20:26:42 WARN  unsupported Scala 2.12.6
2020.06.01 20:26:44 WARN  unsupported Scala 2.12.6
2020.06.01 20:26:44 WARN  unsupported Scala 2.12.6
2020.06.01 20:26:44 WARN  unsupported Scala 2.12.6
2020.06.01 20:26:44 WARN  unsupported Scala 2.12.6
2020.06.01 20:26:44 WARN  unsupported Scala 2.12.6
2020.06.01 20:26:44 WARN  unsupported Scala 2.12.6
2020.06.01 20:26:45 WARN  unsupported Scala 2.12.6
2020.06.01 20:26:45 WARN  unsupported Scala 2.12.6
2020.06.01 20:26:45 WARN  unsupported Scala 2.12.6
2020.06.01 20:26:45 WARN  unsupported Scala 2.12.6
2020.06.01 20:26:45 WARN  unsupported Scala 2.12.6
2020.06.01 20:26:45 WARN  unsupported Scala 2.12.6
2020.06.01 20:26:45 WARN  unsupported Scala 2.12.6
2020.06.01 20:26:47 WARN  unsupported Scala 2.12.6
2020.06.01 20:26:47 WARN  unsupported Scala 2.12.6
2020.06.01 20:26:47 WARN  unsupported Scala 2.12.6
2020.06.01 20:26:47 WARN  unsupported Scala 2.12.6
2020.06.01 20:26:47 WARN  unsupported Scala 2.12.6
2020.06.01 20:26:50 WARN  unsupported Scala 2.12.6
2020.06.01 20:26:50 WARN  unsupported Scala 2.12.6
2020.06.01 20:26:50 WARN  unsupported Scala 2.12.6
2020.06.01 20:26:51 WARN  unsupported Scala 2.12.6
2020.06.01 20:26:51 WARN  unsupported Scala 2.12.6
2020.06.01 20:26:51 WARN  unsupported Scala 2.12.6
2020.06.01 20:26:51 WARN  unsupported Scala 2.12.6
2020.06.01 20:26:51 WARN  unsupported Scala 2.12.6
2020.06.01 20:26:54 WARN  unsupported Scala 2.12.6
2020.06.01 20:26:54 INFO  compiling updated2dshooterplatformer (17 scala sources)
2020.06.01 20:26:54 INFO  time: compiled updated2dshooterplatformer in 1s
2020.06.01 20:40:01 WARN  unsupported Scala 2.12.6
2020.06.01 20:40:40 WARN  unsupported Scala 2.12.6
2020.06.01 20:40:40 WARN  unsupported Scala 2.12.6
2020.06.01 20:41:11 WARN  unsupported Scala 2.12.6
2020.06.01 20:41:11 WARN  unsupported Scala 2.12.6
2020.06.01 20:41:11 WARN  unsupported Scala 2.12.6
2020.06.01 20:41:15 WARN  unsupported Scala 2.12.6
2020.06.01 20:41:15 WARN  unsupported Scala 2.12.6
2020.06.01 20:41:15 WARN  unsupported Scala 2.12.6
2020.06.01 20:41:16 WARN  unsupported Scala 2.12.6
2020.06.01 20:50:31 INFO  skipping build import with status 'Requested'
2020.06.01 20:55:21 INFO  running '/usr/lib/jvm/java-11-openjdk-amd64/bin/java -Djline.terminal=jline.UnsupportedTerminal -Dsbt.log.noformat=true -Dfile.encoding=UTF-8 -jar /tmp/metals671093022042938001/sbt-launch.jar -Dbloop.export-jar-classifiers=sources bloopInstall'
2020.06.01 20:55:23 INFO  [info] Loading global plugins from /home/valtteri/.sbt/1.0/plugins
2020.06.01 20:55:25 INFO  [info] Loading project definition from /home/valtteri/Programming/Scala/Updated2DShooterPlatformer/project/project
2020.06.01 20:55:25 INFO  [info] Updating ProjectRef(uri("file:/home/valtteri/Programming/Scala/Updated2DShooterPlatformer/project/project/"), "updated2dshooterplatformer-build-build")...
2020.06.01 20:55:26 INFO  [info] Done updating.
2020.06.01 20:55:28 INFO  [info] Loading settings for project updated2dshooterplatformer-build from assembly.sbt,metals.sbt ...
2020.06.01 20:55:28 INFO  [info] Loading project definition from /home/valtteri/Programming/Scala/Updated2DShooterPlatformer/project
2020.06.01 20:55:28 INFO  [info] Updating ProjectRef(uri("file:/home/valtteri/Programming/Scala/Updated2DShooterPlatformer/project/"), "updated2dshooterplatformer-build")...
2020.06.01 20:55:29 INFO  [info] Done updating.
2020.06.01 20:55:29 INFO  [warn] There may be incompatibilities among your library dependencies.
2020.06.01 20:55:29 INFO  [warn] Run 'evicted' to see detailed eviction warnings
2020.06.01 20:55:31 INFO  [info] Loading settings for project updated2dshooterplatformer from build.sbt ...
2020.06.01 20:55:31 INFO  [info] Set current project to Don't worry about ammo (in build file:/home/valtteri/Programming/Scala/Updated2DShooterPlatformer/)
2020.06.01 20:55:31 INFO  [info] Updating ...
2020.06.01 20:55:47 INFO  [info] downloading https://repo1.maven.org/maven2/org/scalafx/scalafx_2.12/14-R19/scalafx_2.12-14-R19.jar ...
2020.06.01 20:55:47 INFO  [info] 	[SUCCESSFUL ] org.scalafx#scalafx_2.12;14-R19!scalafx_2.12.jar (406ms)
2020.06.01 20:55:47 INFO  [info] Done updating.
2020.06.01 20:55:47 INFO  [info] downloading https://repo1.maven.org/maven2/org/openjfx/javafx-web/14.0.1/javafx-web-14.0.1-sources.jar ...
2020.06.01 20:55:47 INFO  [info] downloading https://repo1.maven.org/maven2/org/openjfx/javafx-swing/14.0.1/javafx-swing-14.0.1-sources.jar ...
2020.06.01 20:55:47 INFO  [info] downloading https://repo1.maven.org/maven2/org/openjfx/javafx-fxml/14.0.1/javafx-fxml-14.0.1-sources.jar ...
2020.06.01 20:55:47 INFO  [info] downloading https://repo1.maven.org/maven2/org/openjfx/javafx-media/14.0.1/javafx-media-14.0.1-sources.jar ...
2020.06.01 20:55:47 INFO  [info] downloading https://repo1.maven.org/maven2/org/openjfx/javafx-base/14.0.1/javafx-base-14.0.1-sources.jar ...
2020.06.01 20:55:47 INFO  [info] downloading https://repo1.maven.org/maven2/org/openjfx/javafx-controls/14.0.1/javafx-controls-14.0.1-sources.jar ...
2020.06.01 20:55:47 INFO  [info] downloading https://repo1.maven.org/maven2/org/openjfx/javafx-graphics/14.0.1/javafx-graphics-14.0.1-sources.jar ...
2020.06.01 20:55:47 INFO  [info] downloading https://repo1.maven.org/maven2/org/scalafx/scalafx_2.12/14-R19/scalafx_2.12-14-R19-sources.jar ...
2020.06.01 20:55:47 INFO  [info] 	[SUCCESSFUL ] org.openjfx#javafx-swing;14.0.1!javafx-swing.jar(src) (318ms)
2020.06.01 20:55:47 INFO  [info] 	[SUCCESSFUL ] org.openjfx#javafx-fxml;14.0.1!javafx-fxml.jar(src) (317ms)
2020.06.01 20:55:47 INFO  [info] 	[SUCCESSFUL ] org.openjfx#javafx-web;14.0.1!javafx-web.jar(src) (319ms)
2020.06.01 20:55:47 INFO  [info] 	[SUCCESSFUL ] org.openjfx#javafx-media;14.0.1!javafx-media.jar(src) (466ms)
2020.06.01 20:55:48 INFO  [info] 	[SUCCESSFUL ] org.openjfx#javafx-base;14.0.1!javafx-base.jar(src) (592ms)
2020.06.01 20:55:48 INFO  [info] 	[SUCCESSFUL ] org.openjfx#javafx-controls;14.0.1!javafx-controls.jar(src) (817ms)
2020.06.01 20:55:48 INFO  [info] 	[SUCCESSFUL ] org.scalafx#scalafx_2.12;14-R19!scalafx_2.12.jar(src) (836ms)
2020.06.01 20:55:48 INFO  [info] 	[SUCCESSFUL ] org.openjfx#javafx-graphics;14.0.1!javafx-graphics.jar(src) (877ms)
2020.06.01 20:55:48 INFO  [success] Generated .bloop/updated2dshooterplatformer-test.json
2020.06.01 20:55:48 INFO  [success] Generated .bloop/updated2dshooterplatformer.json
2020.06.01 20:55:48 INFO  [success] Total time: 17 s, completed Jun 1, 2020, 8:55:48 PM
2020.06.01 20:55:49 INFO  build tool exit: 0
2020.06.01 20:55:49 INFO  time: ran 'sbt bloopInstall' in 27s
2020.06.01 20:55:49 INFO  disconnected: build server
No more data in the client stdin, exiting...
No more data in the server stdin, exiting...
No more data in the server stdin, exiting...
Starting the bsp launcher for bloop...
Opening a bsp server connection with 'bsp --protocol local --socket /tmp/bsp-launcher9720869080536909092/bsp.socket'...
Waiting for the bsp connection to come up...
[0m[32m[D][0m Loading workspace settings from bloop.settings.json
[0m[32m[D][0m Loading 2 projects from '/home/valtteri/Programming/Scala/Updated2DShooterPlatformer/.bloop'...
[0m[32m[D][0m Loading project from '/home/valtteri/Programming/Scala/Updated2DShooterPlatformer/.bloop/updated2dshooterplatformer-test.json'
[0m[32m[D][0m Loading project from '/home/valtteri/Programming/Scala/Updated2DShooterPlatformer/.bloop/updated2dshooterplatformer.json'
[0m[32m[D][0m Skipped configuration of SemanticDB in unsupported 2.12.6 projects
[0m[32m[D][0m Waiting for a connection at local:///tmp/bsp-launcher9720869080536909092/bsp.socket...
The server is listening for incoming connections at local:///tmp/bsp-launcher9720869080536909092/bsp.socket...
Starting thread that pumps stdin and redirects it to the bsp server...
Starting thread that pumps server stdout and redirects it to the client stdout...
2020.06.01 20:55:49 INFO  tracing is disabled for protocol BSP, to enable tracing of incoming and outgoing JSON messages create an empty file at /home/valtteri/.cache/metals/bsp.trace.json
2020.06.01 20:55:49 INFO  Connected to Build server v1.4.0-RC1-229-b7c15aa9
2020.06.01 20:55:49 WARN  Could not find java sources in None. Java symbols will not be available.
2020.06.01 20:55:49 INFO  time: indexed workspace in 0.95s
2020.06.01 20:59:41 WARN  unsupported Scala 2.12.6
2020.06.01 20:59:41 WARN  unsupported Scala 2.12.6
2020.06.01 20:59:41 WARN  unsupported Scala 2.12.6
2020.06.01 20:59:41 INFO  compiling updated2dshooterplatformer (17 scala sources)
2020.06.01 20:59:41 WARN  unsupported Scala 2.12.6
2020.06.01 20:59:44 INFO  time: compiled updated2dshooterplatformer in 3.6s
2020.06.01 20:59:56 WARN  unsupported Scala 2.12.6
2020.06.01 21:00:01 WARN  unsupported Scala 2.12.6
2020.06.01 21:00:01 WARN  unsupported Scala 2.12.6
2020.06.01 21:00:01 WARN  unsupported Scala 2.12.6
2020.06.01 21:00:01 WARN  unsupported Scala 2.12.6
2020.06.01 21:00:01 WARN  unsupported Scala 2.12.6
2020.06.01 21:00:01 WARN  unsupported Scala 2.12.6
2020.06.01 21:00:01 WARN  unsupported Scala 2.12.6
2020.06.01 21:00:03 WARN  unsupported Scala 2.12.6
2020.06.01 21:00:03 WARN  unsupported Scala 2.12.6
2020.06.01 21:00:03 WARN  unsupported Scala 2.12.6
2020.06.01 21:00:03 WARN  unsupported Scala 2.12.6
2020.06.01 21:00:03 WARN  unsupported Scala 2.12.6
2020.06.01 21:00:03 WARN  unsupported Scala 2.12.6
2020.06.01 21:00:03 WARN  unsupported Scala 2.12.6
2020.06.01 21:00:06 WARN  unsupported Scala 2.12.6
2020.06.01 21:00:06 WARN  unsupported Scala 2.12.6
2020.06.01 21:00:09 WARN  unsupported Scala 2.12.6
2020.06.01 21:00:09 WARN  unsupported Scala 2.12.6
2020.06.01 21:00:09 WARN  unsupported Scala 2.12.6
2020.06.01 21:00:09 WARN  unsupported Scala 2.12.6
2020.06.01 21:00:09 WARN  unsupported Scala 2.12.6
2020.06.01 21:00:09 WARN  unsupported Scala 2.12.6
2020.06.01 21:00:09 WARN  unsupported Scala 2.12.6
2020.06.01 21:00:11 WARN  unsupported Scala 2.12.6
2020.06.01 21:00:12 WARN  unsupported Scala 2.12.6
2020.06.01 21:00:12 WARN  unsupported Scala 2.12.6
2020.06.01 21:00:14 WARN  unsupported Scala 2.12.6
2020.06.01 21:00:14 WARN  unsupported Scala 2.12.6
2020.06.01 21:00:14 WARN  unsupported Scala 2.12.6
2020.06.01 21:00:14 WARN  unsupported Scala 2.12.6
2020.06.01 21:00:14 WARN  unsupported Scala 2.12.6
2020.06.01 21:00:14 WARN  unsupported Scala 2.12.6
2020.06.01 21:00:14 WARN  unsupported Scala 2.12.6
2020.06.01 21:00:15 WARN  unsupported Scala 2.12.6
2020.06.01 21:00:15 WARN  unsupported Scala 2.12.6
2020.06.01 21:00:15 WARN  unsupported Scala 2.12.6
2020.06.01 21:00:15 WARN  unsupported Scala 2.12.6
2020.06.01 21:00:15 WARN  unsupported Scala 2.12.6
2020.06.01 21:00:18 WARN  unsupported Scala 2.12.6
2020.06.01 21:00:18 WARN  unsupported Scala 2.12.6
2020.06.01 21:00:21 WARN  unsupported Scala 2.12.6
2020.06.01 21:00:21 WARN  unsupported Scala 2.12.6
2020.06.01 21:00:21 WARN  unsupported Scala 2.12.6
2020.06.01 21:00:21 WARN  unsupported Scala 2.12.6
2020.06.01 21:00:21 WARN  unsupported Scala 2.12.6
2020.06.01 21:00:21 WARN  unsupported Scala 2.12.6
2020.06.01 21:00:22 WARN  unsupported Scala 2.12.6
2020.06.01 21:00:22 WARN  unsupported Scala 2.12.6
2020.06.01 21:00:22 WARN  unsupported Scala 2.12.6
2020.06.01 21:00:22 WARN  unsupported Scala 2.12.6
2020.06.01 21:00:22 WARN  unsupported Scala 2.12.6
2020.06.01 21:00:24 WARN  unsupported Scala 2.12.6
2020.06.01 21:00:24 WARN  unsupported Scala 2.12.6
2020.06.01 21:00:24 WARN  unsupported Scala 2.12.6
2020.06.01 21:00:24 WARN  unsupported Scala 2.12.6
2020.06.01 21:00:24 WARN  unsupported Scala 2.12.6
2020.06.01 21:00:24 WARN  unsupported Scala 2.12.6
2020.06.01 21:00:27 WARN  unsupported Scala 2.12.6
2020.06.01 21:00:27 WARN  unsupported Scala 2.12.6
2020.06.01 21:00:27 WARN  unsupported Scala 2.12.6
2020.06.01 21:00:27 WARN  unsupported Scala 2.12.6
2020.06.01 21:00:27 WARN  unsupported Scala 2.12.6
2020.06.01 21:00:27 WARN  unsupported Scala 2.12.6
2020.06.01 21:00:27 WARN  unsupported Scala 2.12.6
2020.06.01 21:00:28 WARN  unsupported Scala 2.12.6
2020.06.01 21:00:28 WARN  unsupported Scala 2.12.6
2020.06.01 21:00:28 WARN  unsupported Scala 2.12.6
2020.06.01 21:00:28 WARN  unsupported Scala 2.12.6
2020.06.01 21:00:28 WARN  unsupported Scala 2.12.6
2020.06.01 21:00:28 WARN  unsupported Scala 2.12.6
2020.06.01 21:00:28 WARN  unsupported Scala 2.12.6
2020.06.01 21:00:28 WARN  unsupported Scala 2.12.6
2020.06.01 21:00:29 WARN  unsupported Scala 2.12.6
2020.06.01 21:00:31 WARN  unsupported Scala 2.12.6
2020.06.01 21:00:31 WARN  unsupported Scala 2.12.6
2020.06.01 21:00:31 WARN  unsupported Scala 2.12.6
2020.06.01 21:00:31 WARN  unsupported Scala 2.12.6
2020.06.01 21:00:31 WARN  unsupported Scala 2.12.6
2020.06.01 21:00:32 WARN  unsupported Scala 2.12.6
2020.06.01 21:00:32 WARN  unsupported Scala 2.12.6
2020.06.01 21:00:32 WARN  unsupported Scala 2.12.6
2020.06.01 21:00:32 WARN  unsupported Scala 2.12.6
2020.06.01 21:00:32 WARN  unsupported Scala 2.12.6
2020.06.01 21:00:32 WARN  unsupported Scala 2.12.6
2020.06.01 21:00:32 WARN  unsupported Scala 2.12.6
2020.06.01 21:00:32 WARN  unsupported Scala 2.12.6
2020.06.01 21:00:33 WARN  unsupported Scala 2.12.6
2020.06.01 21:00:33 WARN  unsupported Scala 2.12.6
2020.06.01 21:00:36 WARN  unsupported Scala 2.12.6
2020.06.01 21:00:36 WARN  unsupported Scala 2.12.6
2020.06.01 21:00:36 WARN  unsupported Scala 2.12.6
2020.06.01 21:00:36 WARN  unsupported Scala 2.12.6
2020.06.01 21:00:36 WARN  unsupported Scala 2.12.6
2020.06.01 21:00:36 WARN  unsupported Scala 2.12.6
2020.06.01 21:00:37 WARN  unsupported Scala 2.12.6
2020.06.01 21:00:37 WARN  unsupported Scala 2.12.6
2020.06.01 21:00:37 WARN  unsupported Scala 2.12.6
2020.06.01 21:00:37 WARN  unsupported Scala 2.12.6
2020.06.01 21:00:37 WARN  unsupported Scala 2.12.6
2020.06.01 21:00:37 WARN  unsupported Scala 2.12.6
2020.06.01 21:00:37 WARN  unsupported Scala 2.12.6
2020.06.01 21:00:38 WARN  unsupported Scala 2.12.6
2020.06.01 21:00:40 WARN  unsupported Scala 2.12.6
2020.06.01 21:00:40 WARN  unsupported Scala 2.12.6
2020.06.01 21:00:40 WARN  unsupported Scala 2.12.6
2020.06.01 21:00:40 WARN  unsupported Scala 2.12.6
2020.06.01 21:00:40 WARN  unsupported Scala 2.12.6
2020.06.01 21:00:40 WARN  unsupported Scala 2.12.6
2020.06.01 21:00:41 WARN  unsupported Scala 2.12.6
2020.06.01 21:00:41 WARN  unsupported Scala 2.12.6
2020.06.01 21:00:41 WARN  unsupported Scala 2.12.6
2020.06.01 21:00:41 WARN  unsupported Scala 2.12.6
2020.06.01 21:00:41 WARN  unsupported Scala 2.12.6
2020.06.01 21:00:41 WARN  unsupported Scala 2.12.6
2020.06.01 21:00:41 WARN  unsupported Scala 2.12.6
2020.06.01 21:00:42 WARN  unsupported Scala 2.12.6
2020.06.01 21:00:42 WARN  unsupported Scala 2.12.6
2020.06.01 21:00:44 WARN  unsupported Scala 2.12.6
2020.06.01 21:00:44 WARN  unsupported Scala 2.12.6
2020.06.01 21:00:44 WARN  unsupported Scala 2.12.6
2020.06.01 21:00:44 WARN  unsupported Scala 2.12.6
2020.06.01 21:00:44 WARN  unsupported Scala 2.12.6
2020.06.01 21:00:44 WARN  unsupported Scala 2.12.6
2020.06.01 21:00:45 WARN  unsupported Scala 2.12.6
2020.06.01 21:00:45 WARN  unsupported Scala 2.12.6
2020.06.01 21:00:45 WARN  unsupported Scala 2.12.6
2020.06.01 21:00:45 WARN  unsupported Scala 2.12.6
2020.06.01 21:00:45 WARN  unsupported Scala 2.12.6
2020.06.01 21:00:49 WARN  unsupported Scala 2.12.6
2020.06.01 21:00:49 WARN  unsupported Scala 2.12.6
2020.06.01 21:00:49 WARN  unsupported Scala 2.12.6
2020.06.01 21:00:52 WARN  unsupported Scala 2.12.6
2020.06.01 21:00:52 WARN  unsupported Scala 2.12.6
2020.06.01 21:00:52 WARN  unsupported Scala 2.12.6
2020.06.01 21:00:52 WARN  unsupported Scala 2.12.6
2020.06.01 21:00:52 WARN  unsupported Scala 2.12.6
2020.06.01 21:00:52 WARN  unsupported Scala 2.12.6
2020.06.01 21:00:52 WARN  unsupported Scala 2.12.6
2020.06.01 21:00:54 WARN  unsupported Scala 2.12.6
2020.06.01 21:00:54 WARN  unsupported Scala 2.12.6
2020.06.01 21:00:55 WARN  unsupported Scala 2.12.6
2020.06.01 21:00:55 WARN  unsupported Scala 2.12.6
2020.06.01 21:00:55 WARN  unsupported Scala 2.12.6
2020.06.01 21:00:55 WARN  unsupported Scala 2.12.6
2020.06.01 21:00:55 WARN  unsupported Scala 2.12.6
2020.06.01 21:00:55 WARN  unsupported Scala 2.12.6
2020.06.01 21:00:57 WARN  unsupported Scala 2.12.6
2020.06.01 21:00:57 WARN  unsupported Scala 2.12.6
2020.06.01 21:00:57 WARN  unsupported Scala 2.12.6
2020.06.01 21:00:57 WARN  unsupported Scala 2.12.6
2020.06.01 21:00:57 WARN  unsupported Scala 2.12.6
2020.06.01 21:01:02 WARN  unsupported Scala 2.12.6
2020.06.01 21:01:02 INFO  compiling updated2dshooterplatformer (1 scala source)
2020.06.01 21:01:02 INFO  time: compiled updated2dshooterplatformer in 0.61s
2020.06.01 21:02:02 WARN  unsupported Scala 2.12.6
2020.06.01 21:02:02 WARN  unsupported Scala 2.12.6
2020.06.01 21:02:02 WARN  unsupported Scala 2.12.6
2020.06.01 21:02:02 WARN  unsupported Scala 2.12.6
2020.06.01 21:02:22 WARN  unsupported Scala 2.12.6
2020.06.01 21:02:24 WARN  unsupported Scala 2.12.6
2020.06.01 21:02:24 WARN  unsupported Scala 2.12.6
2020.06.01 21:02:24 WARN  unsupported Scala 2.12.6
2020.06.01 21:02:24 WARN  unsupported Scala 2.12.6
2020.06.01 21:02:24 WARN  unsupported Scala 2.12.6
2020.06.01 21:02:24 WARN  unsupported Scala 2.12.6
2020.06.01 21:02:25 WARN  unsupported Scala 2.12.6
2020.06.01 21:02:25 WARN  unsupported Scala 2.12.6
2020.06.01 21:02:25 WARN  unsupported Scala 2.12.6
2020.06.01 21:02:32 WARN  unsupported Scala 2.12.6
2020.06.01 21:02:32 WARN  unsupported Scala 2.12.6
2020.06.01 21:02:32 WARN  unsupported Scala 2.12.6
2020.06.01 21:02:32 WARN  unsupported Scala 2.12.6
2020.06.01 21:02:32 WARN  unsupported Scala 2.12.6
2020.06.01 21:02:45 WARN  unsupported Scala 2.12.6
2020.06.01 21:02:45 WARN  unsupported Scala 2.12.6
2020.06.01 21:02:45 WARN  unsupported Scala 2.12.6
2020.06.01 21:02:48 WARN  unsupported Scala 2.12.6
2020.06.01 21:02:48 WARN  unsupported Scala 2.12.6
2020.06.01 21:02:48 WARN  unsupported Scala 2.12.6
2020.06.01 21:02:48 WARN  unsupported Scala 2.12.6
2020.06.01 21:02:48 WARN  unsupported Scala 2.12.6
2020.06.01 21:02:48 WARN  unsupported Scala 2.12.6
2020.06.01 21:02:49 WARN  unsupported Scala 2.12.6
2020.06.01 21:02:49 WARN  unsupported Scala 2.12.6
2020.06.01 21:02:49 WARN  unsupported Scala 2.12.6
2020.06.01 21:02:52 WARN  unsupported Scala 2.12.6
2020.06.01 21:02:52 INFO  compiling updated2dshooterplatformer (1 scala source)
2020.06.01 21:02:52 INFO  time: compiled updated2dshooterplatformer in 0.66s
2020.06.01 21:02:54 WARN  unsupported Scala 2.12.6
2020.06.01 21:02:54 WARN  unsupported Scala 2.12.6
2020.06.01 21:02:55 INFO  compiling updated2dshooterplatformer (1 scala source)
2020.06.01 21:02:55 WARN  unsupported Scala 2.12.6
2020.06.01 21:02:55 INFO  time: compiled updated2dshooterplatformer in 0.41s
2020.06.01 21:03:00 WARN  unsupported Scala 2.12.6
2020.06.01 21:03:00 WARN  unsupported Scala 2.12.6
2020.06.01 21:03:04 WARN  unsupported Scala 2.12.6
2020.06.01 21:03:09 WARN  unsupported Scala 2.12.6
2020.06.01 21:03:09 WARN  unsupported Scala 2.12.6
2020.06.01 21:03:09 WARN  unsupported Scala 2.12.6
2020.06.01 21:03:09 WARN  unsupported Scala 2.12.6
2020.06.01 21:03:10 INFO  compiling updated2dshooterplatformer (1 scala source)
2020.06.01 21:03:10 WARN  unsupported Scala 2.12.6
2020.06.01 21:03:10 INFO  time: compiled updated2dshooterplatformer in 0.47s
2020.06.01 21:03:14 WARN  unsupported Scala 2.12.6
2020.06.01 21:03:16 WARN  unsupported Scala 2.12.6
2020.06.01 21:04:02 WARN  unsupported Scala 2.12.6
2020.06.01 21:04:29 WARN  unsupported Scala 2.12.6
2020.06.01 21:09:23 INFO  shutting down Metals
No more data in the client stdin, exiting...
No more data in the server stdin, exiting...
No more data in the server stdin, exiting...
2020.06.01 21:58:30 INFO  started: Metals version 0.9.0 in workspace '/home/valtteri/Programming/Scala/Updated2DShooterPlatformer'
2020.06.01 21:58:31 INFO  time: initialize in 0.83s
Starting the bsp launcher for bloop...
Opening a bsp server connection with 'bsp --protocol local --socket /tmp/bsp-launcher11334540552251986083/bsp.socket'...
Waiting for the bsp connection to come up...
2020.06.01 21:58:31 INFO  skipping build import with status 'Installed'
2020.06.01 21:58:31 INFO  no build target: using presentation compiler with only scala-library
[0m[32m[D][0m Loading workspace settings from bloop.settings.json
[0m[32m[D][0m Waiting for a connection at local:///tmp/bsp-launcher11334540552251986083/bsp.socket...
The server is listening for incoming connections at local:///tmp/bsp-launcher11334540552251986083/bsp.socket...
Starting thread that pumps stdin and redirects it to the bsp server...
Starting thread that pumps server stdout and redirects it to the client stdout...
2020.06.01 21:58:31 INFO  tracing is disabled for protocol BSP, to enable tracing of incoming and outgoing JSON messages create an empty file at /home/valtteri/.cache/metals/bsp.trace.json
2020.06.01 21:58:31 INFO  time: connected to build server in 0.26s
2020.06.01 21:58:31 INFO  Connected to Build server v1.4.0-RC1-229-b7c15aa9
2020.06.01 21:58:33 WARN  unsupported Scala 2.12.6
2020.06.01 21:58:33 WARN  unsupported Scala 2.12.6
2020.06.01 21:58:33 WARN  unsupported Scala 2.12.6
2020.06.01 21:58:33 WARN  Could not find java sources in None. Java symbols will not be available.
2020.06.01 21:58:33 INFO  time: indexed workspace in 1.8s
2020.06.01 21:58:33 WARN  unsupported Scala 2.12.6
2020.06.01 22:06:59 WARN  unsupported Scala 2.12.6
2020.06.01 22:07:07 WARN  unsupported Scala 2.12.6
2020.06.01 22:07:07 WARN  unsupported Scala 2.12.6
2020.06.01 22:07:07 WARN  unsupported Scala 2.12.6
2020.06.01 22:07:07 INFO  compiling updated2dshooterplatformer (2 scala sources)
2020.06.01 22:07:07 WARN  unsupported Scala 2.12.6
2020.06.01 22:07:07 INFO  time: compiled updated2dshooterplatformer in 0.38s
2020.06.01 22:07:09 WARN  unsupported Scala 2.12.6
2020.06.01 22:07:09 WARN  unsupported Scala 2.12.6
2020.06.01 22:07:09 WARN  unsupported Scala 2.12.6
2020.06.01 22:07:11 WARN  unsupported Scala 2.12.6
2020.06.01 22:07:11 WARN  unsupported Scala 2.12.6
2020.06.01 22:07:21 WARN  unsupported Scala 2.12.6
2020.06.01 22:07:47 WARN  unsupported Scala 2.12.6
2020.06.01 22:07:47 WARN  unsupported Scala 2.12.6
2020.06.01 22:07:48 WARN  unsupported Scala 2.12.6
2020.06.01 22:07:50 WARN  unsupported Scala 2.12.6
2020.06.01 22:07:50 WARN  unsupported Scala 2.12.6
2020.06.01 22:07:51 WARN  unsupported Scala 2.12.6
2020.06.01 22:07:51 WARN  unsupported Scala 2.12.6
2020.06.01 22:07:55 WARN  unsupported Scala 2.12.6
2020.06.01 22:07:57 WARN  unsupported Scala 2.12.6
2020.06.01 22:07:59 WARN  unsupported Scala 2.12.6
2020.06.01 22:07:59 WARN  unsupported Scala 2.12.6
2020.06.01 22:07:59 WARN  unsupported Scala 2.12.6
2020.06.01 22:08:00 WARN  unsupported Scala 2.12.6
2020.06.01 22:08:00 WARN  unsupported Scala 2.12.6
2020.06.01 22:08:00 WARN  unsupported Scala 2.12.6
2020.06.01 22:08:00 WARN  unsupported Scala 2.12.6
2020.06.01 22:08:00 WARN  unsupported Scala 2.12.6
2020.06.01 22:08:00 WARN  unsupported Scala 2.12.6
2020.06.01 22:08:01 WARN  unsupported Scala 2.12.6
2020.06.01 22:08:02 WARN  unsupported Scala 2.12.6
2020.06.01 22:08:02 WARN  unsupported Scala 2.12.6
2020.06.01 22:08:02 WARN  unsupported Scala 2.12.6
2020.06.01 22:08:02 WARN  unsupported Scala 2.12.6
2020.06.01 22:08:02 WARN  unsupported Scala 2.12.6
2020.06.01 22:08:02 WARN  unsupported Scala 2.12.6
2020.06.01 22:08:02 WARN  unsupported Scala 2.12.6
2020.06.01 22:08:02 WARN  unsupported Scala 2.12.6
2020.06.01 22:08:04 WARN  unsupported Scala 2.12.6
2020.06.01 22:08:04 WARN  unsupported Scala 2.12.6
2020.06.01 22:08:04 WARN  unsupported Scala 2.12.6
2020.06.01 22:08:13 WARN  unsupported Scala 2.12.6
2020.06.01 22:08:13 INFO  compiling updated2dshooterplatformer (2 scala sources)
2020.06.01 22:08:13 INFO  time: compiled updated2dshooterplatformer in 0.32s
2020.06.01 22:08:14 WARN  unsupported Scala 2.12.6
2020.06.01 22:08:15 WARN  unsupported Scala 2.12.6
2020.06.01 22:08:15 WARN  unsupported Scala 2.12.6
2020.06.01 22:08:17 WARN  unsupported Scala 2.12.6
2020.06.01 22:08:17 WARN  unsupported Scala 2.12.6
2020.06.01 22:08:17 WARN  unsupported Scala 2.12.6
2020.06.01 22:08:17 WARN  unsupported Scala 2.12.6
2020.06.01 22:08:17 WARN  unsupported Scala 2.12.6
2020.06.01 22:08:17 WARN  unsupported Scala 2.12.6
2020.06.01 22:08:19 WARN  unsupported Scala 2.12.6
2020.06.01 22:08:19 WARN  unsupported Scala 2.12.6
2020.06.01 22:08:19 WARN  unsupported Scala 2.12.6
2020.06.01 22:08:19 INFO  /home/valtteri/Programming/Scala/Updated2DShooterPlatformer/src/main/scala/UnitTests.scala:1:8: stale bloop error: object scalatest is not a member of package org
import org.scalatest._
       ^^^^^^^^^^^^^
2020.06.01 22:08:19 INFO  /home/valtteri/Programming/Scala/Updated2DShooterPlatformer/src/main/scala/UnitTests.scala:2:8: stale bloop error: object scalatest is not a member of package org
import org.scalatest.FlatSpec
       ^^^^^^^^^^^^^
2020.06.01 22:08:19 INFO  /home/valtteri/Programming/Scala/Updated2DShooterPlatformer/src/main/scala/UnitTests.scala:17:26: stale bloop error: not found: type FlatSpec
object GameTests extends FlatSpec with Matchers {
                         ^
2020.06.01 22:08:19 INFO  /home/valtteri/Programming/Scala/Updated2DShooterPlatformer/src/main/scala/UnitTests.scala:17:40: stale bloop error: not found: type Matchers
object GameTests extends FlatSpec with Matchers {
                                       ^
2020.06.01 22:08:19 INFO  /home/valtteri/Programming/Scala/Updated2DShooterPlatformer/src/main/scala/UnitTests.scala:51:2: stale bloop error: value should is not a member of String
 "Method PickUp" should "pick up item given as a parameter correctly when the user is either enemy  or player" in{
 ^^^^^^^^^^^^^^^^^^^^^^
2020.06.01 22:08:19 INFO  /home/valtteri/Programming/Scala/Updated2DShooterPlatformer/src/main/scala/UnitTests.scala:76:3: stale bloop error: value should is not a member of String
  "Method Drop" should "behave correctly when used by an enemy" in{
  ^^^^^^^^^^^^^^^^^^^^
2020.06.01 22:08:19 INFO  /home/valtteri/Programming/Scala/Updated2DShooterPlatformer/src/main/scala/UnitTests.scala:86:3: stale bloop error: value should is not a member of String
  "Method Load Game" should "work properly with a normal save file" in {
  ^^^^^^^^^^^^^^^^^^^^^^^^^
2020.06.01 22:08:19 INFO  /home/valtteri/Programming/Scala/Updated2DShooterPlatformer/src/main/scala/UnitTests.scala:112:3: stale bloop error: value should is not a member of String
  "Method Load Game" should "work properly when savefile is corrupted" in {
  ^^^^^^^^^^^^^^^^^^^^^^^^^
2020.06.01 22:08:19 INFO  /home/valtteri/Programming/Scala/Updated2DShooterPlatformer/src/main/scala/UnitTests.scala:114:5: stale bloop error: not found: value assertThrows
    assertThrows[CorruptedSaveFile]{                            //Virheellinen lohkon nimi
    ^^^^^^^^^^^^
2020.06.01 22:08:19 INFO  /home/valtteri/Programming/Scala/Updated2DShooterPlatformer/src/main/scala/UnitTests.scala:118:5: stale bloop error: not found: value assertThrows
    assertThrows[CorruptedSaveFile]{                            //Puuttuva kaksoispiste
    ^^^^^^^^^^^^
2020.06.01 22:08:19 INFO  /home/valtteri/Programming/Scala/Updated2DShooterPlatformer/src/main/scala/UnitTests.scala:122:5: stale bloop error: not found: value assertThrows
    assertThrows[CorruptedSaveFile]{                            //Puuttuva pystyviiva
    ^^^^^^^^^^^^
2020.06.01 22:08:19 INFO  /home/valtteri/Programming/Scala/Updated2DShooterPlatformer/src/main/scala/UnitTests.scala:126:5: stale bloop error: not found: value assertThrows
    assertThrows[CorruptedSaveFile]{                            //Puuttuva hashtag lohkojen välistä
    ^^^^^^^^^^^^
2020.06.01 22:08:19 INFO  /home/valtteri/Programming/Scala/Updated2DShooterPlatformer/src/main/scala/UnitTests.scala:130:5: stale bloop error: not found: value assertThrows
    assertThrows[CorruptedSaveFile]{                            //FILEEND Poissa
    ^^^^^^^^^^^^
2020.06.01 22:08:19 WARN  unsupported Scala 2.12.6
2020.06.01 22:08:19 WARN  unsupported Scala 2.12.6
2020.06.01 22:08:19 INFO  /home/valtteri/Programming/Scala/Updated2DShooterPlatformer/src/main/scala/UnitTests.scala:1:8: stale bloop error: object scalatest is not a member of package org
import org.scalatest._
       ^^^^^^^^^^^^^
2020.06.01 22:08:19 INFO  /home/valtteri/Programming/Scala/Updated2DShooterPlatformer/src/main/scala/UnitTests.scala:2:8: stale bloop error: object scalatest is not a member of package org
import org.scalatest.FlatSpec
       ^^^^^^^^^^^^^
2020.06.01 22:08:19 INFO  /home/valtteri/Programming/Scala/Updated2DShooterPlatformer/src/main/scala/UnitTests.scala:17:26: stale bloop error: not found: type FlatSpec
object GameTests extends FlatSpec with Matchers {
                         ^
2020.06.01 22:08:19 INFO  /home/valtteri/Programming/Scala/Updated2DShooterPlatformer/src/main/scala/UnitTests.scala:17:40: stale bloop error: not found: type Matchers
object GameTests extends FlatSpec with Matchers {
                                       ^
2020.06.01 22:08:19 INFO  /home/valtteri/Programming/Scala/Updated2DShooterPlatformer/src/main/scala/UnitTests.scala:51:2: stale bloop error: value should is not a member of String
 "Method PickUp" should "pick up item given as a parameter correctly when the user is either enemy  or player" in{
 ^^^^^^^^^^^^^^^^^^^^^^
2020.06.01 22:08:19 INFO  /home/valtteri/Programming/Scala/Updated2DShooterPlatformer/src/main/scala/UnitTests.scala:76:3: stale bloop error: value should is not a member of String
  "Method Drop" should "behave correctly when used by an enemy" in{
  ^^^^^^^^^^^^^^^^^^^^
2020.06.01 22:08:19 INFO  /home/valtteri/Programming/Scala/Updated2DShooterPlatformer/src/main/scala/UnitTests.scala:86:3: stale bloop error: value should is not a member of String
  "Method Load Game" should "work properly with a normal save file" in {
  ^^^^^^^^^^^^^^^^^^^^^^^^^
2020.06.01 22:08:19 INFO  /home/valtteri/Programming/Scala/Updated2DShooterPlatformer/src/main/scala/UnitTests.scala:112:3: stale bloop error: value should is not a member of String
  "Method Load Game" should "work properly when savefile is corrupted" in {
  ^^^^^^^^^^^^^^^^^^^^^^^^^
2020.06.01 22:08:19 INFO  /home/valtteri/Programming/Scala/Updated2DShooterPlatformer/src/main/scala/UnitTests.scala:114:5: stale bloop error: not found: value assertThrows
    assertThrows[CorruptedSaveFile]{                            //Virheellinen lohkon nimi
    ^^^^^^^^^^^^
2020.06.01 22:08:19 INFO  /home/valtteri/Programming/Scala/Updated2DShooterPlatformer/src/main/scala/UnitTests.scala:118:5: stale bloop error: not found: value assertThrows
    assertThrows[CorruptedSaveFile]{                            //Puuttuva kaksoispiste
    ^^^^^^^^^^^^
2020.06.01 22:08:19 INFO  /home/valtteri/Programming/Scala/Updated2DShooterPlatformer/src/main/scala/UnitTests.scala:122:5: stale bloop error: not found: value assertThrows
    assertThrows[CorruptedSaveFile]{                            //Puuttuva pystyviiva
    ^^^^^^^^^^^^
2020.06.01 22:08:19 INFO  /home/valtteri/Programming/Scala/Updated2DShooterPlatformer/src/main/scala/UnitTests.scala:126:5: stale bloop error: not found: value assertThrows
    assertThrows[CorruptedSaveFile]{                            //Puuttuva hashtag lohkojen välistä
    ^^^^^^^^^^^^
2020.06.01 22:08:19 INFO  /home/valtteri/Programming/Scala/Updated2DShooterPlatformer/src/main/scala/UnitTests.scala:130:5: stale bloop error: not found: value assertThrows
    assertThrows[CorruptedSaveFile]{                            //FILEEND Poissa
    ^^^^^^^^^^^^
2020.06.01 22:08:19 WARN  unsupported Scala 2.12.6
2020.06.01 22:08:19 WARN  unsupported Scala 2.12.6
2020.06.01 22:08:24 INFO  /home/valtteri/Programming/Scala/Updated2DShooterPlatformer/src/main/scala/UnitTests.scala:1:8: stale bloop error: object scalatest is not a member of package org
import org.scalatest._
       ^^^^^^^^^^^^^
2020.06.01 22:08:24 INFO  /home/valtteri/Programming/Scala/Updated2DShooterPlatformer/src/main/scala/UnitTests.scala:2:8: stale bloop error: object scalatest is not a member of package org
import org.scalatest.FlatSpec
       ^^^^^^^^^^^^^
2020.06.01 22:08:24 INFO  /home/valtteri/Programming/Scala/Updated2DShooterPlatformer/src/main/scala/UnitTests.scala:17:26: stale bloop error: not found: type FlatSpec
object GameTests extends FlatSpec with Matchers {
                         ^
2020.06.01 22:08:24 INFO  /home/valtteri/Programming/Scala/Updated2DShooterPlatformer/src/main/scala/UnitTests.scala:17:40: stale bloop error: not found: type Matchers
object GameTests extends FlatSpec with Matchers {
                                       ^
2020.06.01 22:08:24 INFO  /home/valtteri/Programming/Scala/Updated2DShooterPlatformer/src/main/scala/UnitTests.scala:51:2: stale bloop error: value should is not a member of String
 "Method PickUp" should "pick up item given as a parameter correctly when the user is either enemy  or player" in{
 ^^^^^^^^^^^^^^^^^^^^^^
2020.06.01 22:08:24 INFO  /home/valtteri/Programming/Scala/Updated2DShooterPlatformer/src/main/scala/UnitTests.scala:76:3: stale bloop error: value should is not a member of String
  "Method Drop" should "behave correctly when used by an enemy" in{
  ^^^^^^^^^^^^^^^^^^^^
2020.06.01 22:08:24 INFO  /home/valtteri/Programming/Scala/Updated2DShooterPlatformer/src/main/scala/UnitTests.scala:86:3: stale bloop error: value should is not a member of String
  "Method Load Game" should "work properly with a normal save file" in {
  ^^^^^^^^^^^^^^^^^^^^^^^^^
2020.06.01 22:08:24 INFO  /home/valtteri/Programming/Scala/Updated2DShooterPlatformer/src/main/scala/UnitTests.scala:112:3: stale bloop error: value should is not a member of String
  "Method Load Game" should "work properly when savefile is corrupted" in {
  ^^^^^^^^^^^^^^^^^^^^^^^^^
2020.06.01 22:08:24 INFO  /home/valtteri/Programming/Scala/Updated2DShooterPlatformer/src/main/scala/UnitTests.scala:114:5: stale bloop error: not found: value assertThrows
    assertThrows[CorruptedSaveFile]{                            //Virheellinen lohkon nimi
    ^^^^^^^^^^^^
2020.06.01 22:08:24 INFO  /home/valtteri/Programming/Scala/Updated2DShooterPlatformer/src/main/scala/UnitTests.scala:118:5: stale bloop error: not found: value assertThrows
    assertThrows[CorruptedSaveFile]{                            //Puuttuva kaksoispiste
    ^^^^^^^^^^^^
2020.06.01 22:08:24 INFO  /home/valtteri/Programming/Scala/Updated2DShooterPlatformer/src/main/scala/UnitTests.scala:122:5: stale bloop error: not found: value assertThrows
    assertThrows[CorruptedSaveFile]{                            //Puuttuva pystyviiva
    ^^^^^^^^^^^^
2020.06.01 22:08:24 INFO  /home/valtteri/Programming/Scala/Updated2DShooterPlatformer/src/main/scala/UnitTests.scala:126:5: stale bloop error: not found: value assertThrows
    assertThrows[CorruptedSaveFile]{                            //Puuttuva hashtag lohkojen välistä
    ^^^^^^^^^^^^
2020.06.01 22:08:24 INFO  /home/valtteri/Programming/Scala/Updated2DShooterPlatformer/src/main/scala/UnitTests.scala:130:5: stale bloop error: not found: value assertThrows
    assertThrows[CorruptedSaveFile]{                            //FILEEND Poissa
    ^^^^^^^^^^^^
2020.06.01 22:08:24 WARN  unsupported Scala 2.12.6
2020.06.01 22:08:24 WARN  unsupported Scala 2.12.6
2020.06.01 22:08:24 INFO  /home/valtteri/Programming/Scala/Updated2DShooterPlatformer/src/main/scala/UnitTests.scala:1:8: stale bloop error: object scalatest is not a member of package org
import org.scalatest._
       ^^^^^^^^^^^^^
2020.06.01 22:08:24 INFO  /home/valtteri/Programming/Scala/Updated2DShooterPlatformer/src/main/scala/UnitTests.scala:2:8: stale bloop error: object scalatest is not a member of package org
import org.scalatest.FlatSpec
       ^^^^^^^^^^^^^
2020.06.01 22:08:24 INFO  /home/valtteri/Programming/Scala/Updated2DShooterPlatformer/src/main/scala/UnitTests.scala:17:26: stale bloop error: not found: type FlatSpec
object GameTests extends FlatSpec with Matchers {
                         ^
2020.06.01 22:08:24 INFO  /home/valtteri/Programming/Scala/Updated2DShooterPlatformer/src/main/scala/UnitTests.scala:17:40: stale bloop error: not found: type Matchers
object GameTests extends FlatSpec with Matchers {
                                       ^
2020.06.01 22:08:24 INFO  /home/valtteri/Programming/Scala/Updated2DShooterPlatformer/src/main/scala/UnitTests.scala:51:2: stale bloop error: value should is not a member of String
 "Method PickUp" should "pick up item given as a parameter correctly when the user is either enemy  or player" in{
 ^^^^^^^^^^^^^^^^^^^^^^
2020.06.01 22:08:24 INFO  /home/valtteri/Programming/Scala/Updated2DShooterPlatformer/src/main/scala/UnitTests.scala:76:3: stale bloop error: value should is not a member of String
  "Method Drop" should "behave correctly when used by an enemy" in{
  ^^^^^^^^^^^^^^^^^^^^
2020.06.01 22:08:24 INFO  /home/valtteri/Programming/Scala/Updated2DShooterPlatformer/src/main/scala/UnitTests.scala:86:3: stale bloop error: value should is not a member of String
  "Method Load Game" should "work properly with a normal save file" in {
  ^^^^^^^^^^^^^^^^^^^^^^^^^
2020.06.01 22:08:24 INFO  /home/valtteri/Programming/Scala/Updated2DShooterPlatformer/src/main/scala/UnitTests.scala:112:3: stale bloop error: value should is not a member of String
  "Method Load Game" should "work properly when savefile is corrupted" in {
  ^^^^^^^^^^^^^^^^^^^^^^^^^
2020.06.01 22:08:24 INFO  /home/valtteri/Programming/Scala/Updated2DShooterPlatformer/src/main/scala/UnitTests.scala:114:5: stale bloop error: not found: value assertThrows
    assertThrows[CorruptedSaveFile]{                            //Virheellinen lohkon nimi
    ^^^^^^^^^^^^
2020.06.01 22:08:24 INFO  /home/valtteri/Programming/Scala/Updated2DShooterPlatformer/src/main/scala/UnitTests.scala:118:5: stale bloop error: not found: value assertThrows
    assertThrows[CorruptedSaveFile]{                            //Puuttuva kaksoispiste
    ^^^^^^^^^^^^
2020.06.01 22:08:24 INFO  /home/valtteri/Programming/Scala/Updated2DShooterPlatformer/src/main/scala/UnitTests.scala:122:5: stale bloop error: not found: value assertThrows
    assertThrows[CorruptedSaveFile]{                            //Puuttuva pystyviiva
    ^^^^^^^^^^^^
2020.06.01 22:08:24 INFO  /home/valtteri/Programming/Scala/Updated2DShooterPlatformer/src/main/scala/UnitTests.scala:126:5: stale bloop error: not found: value assertThrows
    assertThrows[CorruptedSaveFile]{                            //Puuttuva hashtag lohkojen välistä
    ^^^^^^^^^^^^
2020.06.01 22:08:24 INFO  /home/valtteri/Programming/Scala/Updated2DShooterPlatformer/src/main/scala/UnitTests.scala:130:5: stale bloop error: not found: value assertThrows
    assertThrows[CorruptedSaveFile]{                            //FILEEND Poissa
    ^^^^^^^^^^^^
2020.06.01 22:08:24 WARN  unsupported Scala 2.12.6
2020.06.01 22:08:24 WARN  unsupported Scala 2.12.6
2020.06.01 22:08:24 WARN  unsupported Scala 2.12.6
2020.06.01 22:08:24 WARN  unsupported Scala 2.12.6
2020.06.01 22:08:25 WARN  unsupported Scala 2.12.6
2020.06.01 22:08:25 WARN  unsupported Scala 2.12.6
2020.06.01 22:08:25 WARN  unsupported Scala 2.12.6
2020.06.01 22:08:25 WARN  unsupported Scala 2.12.6
2020.06.01 22:08:25 WARN  unsupported Scala 2.12.6
2020.06.01 22:08:25 WARN  unsupported Scala 2.12.6
2020.06.01 22:08:25 WARN  unsupported Scala 2.12.6
2020.06.01 22:08:25 WARN  unsupported Scala 2.12.6
2020.06.01 22:08:30 WARN  unsupported Scala 2.12.6
2020.06.01 22:08:30 WARN  unsupported Scala 2.12.6
2020.06.01 22:08:30 WARN  unsupported Scala 2.12.6
2020.06.01 22:08:30 WARN  unsupported Scala 2.12.6
2020.06.01 22:08:30 WARN  unsupported Scala 2.12.6
2020.06.01 22:08:30 WARN  unsupported Scala 2.12.6
2020.06.01 22:08:30 WARN  unsupported Scala 2.12.6
2020.06.01 22:08:32 WARN  unsupported Scala 2.12.6
2020.06.01 22:08:32 WARN  unsupported Scala 2.12.6
2020.06.01 22:08:32 WARN  unsupported Scala 2.12.6
2020.06.01 22:08:32 WARN  unsupported Scala 2.12.6
2020.06.01 22:08:32 WARN  unsupported Scala 2.12.6
2020.06.01 22:08:32 WARN  unsupported Scala 2.12.6
2020.06.01 22:08:32 WARN  unsupported Scala 2.12.6
2020.06.01 22:08:32 WARN  unsupported Scala 2.12.6
2020.06.01 22:08:32 WARN  unsupported Scala 2.12.6
2020.06.01 22:08:32 WARN  unsupported Scala 2.12.6
2020.06.01 22:08:32 WARN  unsupported Scala 2.12.6
2020.06.01 22:08:34 WARN  unsupported Scala 2.12.6
2020.06.01 22:08:34 WARN  unsupported Scala 2.12.6
2020.06.01 22:08:34 WARN  unsupported Scala 2.12.6
2020.06.01 22:08:34 WARN  unsupported Scala 2.12.6
2020.06.01 22:08:34 WARN  unsupported Scala 2.12.6
2020.06.01 22:08:34 WARN  unsupported Scala 2.12.6
2020.06.01 22:08:34 WARN  unsupported Scala 2.12.6
2020.06.01 22:08:34 WARN  unsupported Scala 2.12.6
2020.06.01 22:08:34 WARN  unsupported Scala 2.12.6
2020.06.01 22:08:34 WARN  unsupported Scala 2.12.6
2020.06.01 22:08:36 WARN  unsupported Scala 2.12.6
2020.06.01 22:08:36 WARN  unsupported Scala 2.12.6
2020.06.01 22:08:36 WARN  unsupported Scala 2.12.6
2020.06.01 22:08:36 WARN  unsupported Scala 2.12.6
2020.06.01 22:08:36 WARN  unsupported Scala 2.12.6
2020.06.01 22:08:36 WARN  unsupported Scala 2.12.6
2020.06.01 22:08:36 WARN  unsupported Scala 2.12.6
2020.06.01 22:08:36 WARN  unsupported Scala 2.12.6
2020.06.01 22:08:41 WARN  unsupported Scala 2.12.6
2020.06.01 22:08:44 WARN  unsupported Scala 2.12.6
2020.06.01 22:08:44 INFO  compiling updated2dshooterplatformer (2 scala sources)
2020.06.01 22:08:44 INFO  time: compiled updated2dshooterplatformer in 0.38s
2020.06.01 22:08:44 INFO  compiling updated2dshooterplatformer (2 scala sources)
2020.06.01 22:08:44 INFO  time: compiled updated2dshooterplatformer in 0.32s
2020.06.01 22:08:46 WARN  unsupported Scala 2.12.6
2020.06.01 22:08:46 WARN  unsupported Scala 2.12.6
2020.06.01 22:08:46 WARN  unsupported Scala 2.12.6
2020.06.01 22:08:46 INFO  compiling updated2dshooterplatformer (2 scala sources)
2020.06.01 22:08:46 WARN  unsupported Scala 2.12.6
2020.06.01 22:08:46 INFO  time: compiled updated2dshooterplatformer in 0.32s
2020.06.01 22:08:53 WARN  unsupported Scala 2.12.6
2020.06.01 22:08:53 WARN  unsupported Scala 2.12.6
2020.06.01 22:08:53 WARN  unsupported Scala 2.12.6
2020.06.01 22:08:55 WARN  unsupported Scala 2.12.6
2020.06.01 22:08:55 WARN  unsupported Scala 2.12.6
2020.06.01 22:08:57 WARN  unsupported Scala 2.12.6
2020.06.01 22:08:57 WARN  unsupported Scala 2.12.6
2020.06.01 22:08:57 WARN  unsupported Scala 2.12.6
2020.06.01 22:08:58 WARN  unsupported Scala 2.12.6
2020.06.01 22:08:58 INFO  compiling updated2dshooterplatformer (2 scala sources)
2020.06.01 22:08:58 INFO  time: compiled updated2dshooterplatformer in 0.5s
2020.06.01 22:14:04 WARN  unsupported Scala 2.12.6
2020.06.01 22:14:04 WARN  unsupported Scala 2.12.6
2020.06.01 22:14:37 INFO  running '/usr/lib/jvm/java-11-openjdk-amd64/bin/java -Djline.terminal=jline.UnsupportedTerminal -Dsbt.log.noformat=true -Dfile.encoding=UTF-8 -jar /tmp/metals15956701850433704502/sbt-launch.jar -Dbloop.export-jar-classifiers=sources bloopInstall'
2020.06.01 22:14:39 INFO  [info] Loading global plugins from /home/valtteri/.sbt/1.0/plugins
2020.06.01 22:14:40 INFO  [info] Loading project definition from /home/valtteri/Programming/Scala/Updated2DShooterPlatformer/project/project
2020.06.01 22:14:40 WARN  unsupported Scala 2.12.6
2020.06.01 22:14:40 WARN  unsupported Scala 2.12.6
2020.06.01 22:14:40 INFO  [info] Loading settings for project updated2dshooterplatformer-build from assembly.sbt,metals.sbt ...
2020.06.01 22:14:40 INFO  [info] Loading project definition from /home/valtteri/Programming/Scala/Updated2DShooterPlatformer/project
2020.06.01 22:14:43 INFO  [info] Loading settings for project updated2dshooterplatformer from build.sbt ...
2020.06.01 22:14:43 WARN  unsupported Scala 2.12.6
2020.06.01 22:14:43 WARN  unsupported Scala 2.12.6
2020.06.01 22:14:43 INFO  [info] Set current project to Don't worry about ammo (in build file:/home/valtteri/Programming/Scala/Updated2DShooterPlatformer/)
2020.06.01 22:14:43 WARN  unsupported Scala 2.12.6
2020.06.01 22:14:43 INFO  [info] Updating ...
2020.06.01 22:14:43 WARN  unsupported Scala 2.12.6
2020.06.01 22:14:43 WARN  unsupported Scala 2.12.6
2020.06.01 22:14:43 WARN  unsupported Scala 2.12.6
2020.06.01 22:14:43 WARN  unsupported Scala 2.12.6
2020.06.01 22:14:48 WARN  unsupported Scala 2.12.6
2020.06.01 22:14:48 WARN  unsupported Scala 2.12.6
2020.06.01 22:14:48 WARN  unsupported Scala 2.12.6
2020.06.01 22:15:00 INFO  [info] downloading https://repo1.maven.org/maven2/org/scalatest/scalatest_2.12/3.0.4/scalatest_2.12-3.0.4.jar ...
2020.06.01 22:15:00 INFO  [info] downloading https://repo1.maven.org/maven2/org/scalamock/scalamock_2.12/4.0.0/scalamock_2.12-4.0.0.jar ...
2020.06.01 22:15:00 INFO  [info] downloading https://repo1.maven.org/maven2/org/scala-lang/modules/scala-parser-combinators_2.12/1.0.4/scala-parser-combinators_2.12-1.0.4.jar ...
2020.06.01 22:15:00 INFO  [info] 	[SUCCESSFUL ] org.scala-lang.modules#scala-parser-combinators_2.12;1.0.4!scala-parser-combinators_2.12.jar(bundle) (217ms)
2020.06.01 22:15:00 INFO  [info] 	[SUCCESSFUL ] org.scalamock#scalamock_2.12;4.0.0!scalamock_2.12.jar (490ms)
2020.06.01 22:15:00 INFO  [info] 	[SUCCESSFUL ] org.scalatest#scalatest_2.12;3.0.4!scalatest_2.12.jar(bundle) (812ms)
2020.06.01 22:15:00 INFO  [info] Done updating.
2020.06.01 22:15:01 INFO  [info] downloading https://repo1.maven.org/maven2/org/junit/platform/junit-platform-commons/1.6.0/junit-platform-commons-1.6.0-sources.jar ...
2020.06.01 22:15:01 INFO  [info] downloading https://repo1.maven.org/maven2/org/opentest4j/opentest4j/1.2.0/opentest4j-1.2.0-sources.jar ...
2020.06.01 22:15:01 INFO  [info] downloading https://repo1.maven.org/maven2/org/apiguardian/apiguardian-api/1.1.0/apiguardian-api-1.1.0-sources.jar ...
2020.06.01 22:15:01 INFO  [info] downloading https://repo1.maven.org/maven2/org/junit/jupiter/junit-jupiter-engine/5.6.0/junit-jupiter-engine-5.6.0-sources.jar ...
2020.06.01 22:15:01 INFO  [info] downloading https://repo1.maven.org/maven2/org/junit/jupiter/junit-jupiter/5.6.0/junit-jupiter-5.6.0-sources.jar ...
2020.06.01 22:15:01 INFO  [info] downloading https://repo1.maven.org/maven2/org/junit/platform/junit-platform-engine/1.6.0/junit-platform-engine-1.6.0-sources.jar ...
2020.06.01 22:15:01 INFO  [info] downloading https://repo1.maven.org/maven2/org/scalamock/scalamock_2.12/4.0.0/scalamock_2.12-4.0.0-sources.jar ...
2020.06.01 22:15:01 INFO  [info] downloading https://repo1.maven.org/maven2/org/junit/jupiter/junit-jupiter-params/5.6.0/junit-jupiter-params-5.6.0-sources.jar ...
2020.06.01 22:15:01 INFO  [info] downloading https://repo1.maven.org/maven2/org/junit/jupiter/junit-jupiter-api/5.6.0/junit-jupiter-api-5.6.0-sources.jar ...
2020.06.01 22:15:01 INFO  [info] downloading https://repo1.maven.org/maven2/org/scala-lang/modules/scala-parser-combinators_2.12/1.0.4/scala-parser-combinators_2.12-1.0.4-sources.jar ...
2020.06.01 22:15:01 INFO  [info] downloading https://repo1.maven.org/maven2/org/scalatest/scalatest_2.12/3.0.4/scalatest_2.12-3.0.4-sources.jar ...
2020.06.01 22:15:01 INFO  [info] downloading https://repo1.maven.org/maven2/org/scala-lang/modules/scala-xml_2.12/2.0.0-M1/scala-xml_2.12-2.0.0-M1-sources.jar ...
2020.06.01 22:15:01 INFO  [info] downloading https://repo1.maven.org/maven2/org/scalactic/scalactic_2.12/3.2.0-M4/scalactic_2.12-3.2.0-M4-sources.jar ...
2020.06.01 22:15:01 INFO  [info] 	[SUCCESSFUL ] org.junit.jupiter#junit-jupiter;5.6.0!junit-jupiter.jar(src) (305ms)
2020.06.01 22:15:01 INFO  [info] 	[SUCCESSFUL ] org.opentest4j#opentest4j;1.2.0!opentest4j.jar(src) (307ms)
2020.06.01 22:15:01 INFO  [info] 	[SUCCESSFUL ] org.junit.jupiter#junit-jupiter-params;5.6.0!junit-jupiter-params.jar(src) (308ms)
2020.06.01 22:15:01 INFO  [info] 	[SUCCESSFUL ] org.scala-lang.modules#scala-parser-combinators_2.12;1.0.4!scala-parser-combinators_2.12.jar(src) (305ms)
2020.06.01 22:15:01 INFO  [info] 	[SUCCESSFUL ] org.junit.jupiter#junit-jupiter-engine;5.6.0!junit-jupiter-engine.jar(src) (307ms)
2020.06.01 22:15:01 INFO  [info] 	[SUCCESSFUL ] org.apiguardian#apiguardian-api;1.1.0!apiguardian-api.jar(src) (307ms)
2020.06.01 22:15:01 INFO  [info] 	[SUCCESSFUL ] org.junit.platform#junit-platform-commons;1.6.0!junit-platform-commons.jar(src) (309ms)
2020.06.01 22:15:01 INFO  [info] 	[SUCCESSFUL ] org.junit.platform#junit-platform-engine;1.6.0!junit-platform-engine.jar(src) (308ms)
2020.06.01 22:15:01 INFO  [info] 	[SUCCESSFUL ] org.junit.jupiter#junit-jupiter-api;5.6.0!junit-jupiter-api.jar(src) (315ms)
2020.06.01 22:15:01 INFO  [info] 	[SUCCESSFUL ] org.scalamock#scalamock_2.12;4.0.0!scalamock_2.12.jar(src) (318ms)
2020.06.01 22:15:01 INFO  [info] 	[SUCCESSFUL ] org.scalatest#scalatest_2.12;3.0.4!scalatest_2.12.jar(src) (339ms)
2020.06.01 22:15:01 INFO  [info] 	[SUCCESSFUL ] org.scala-lang.modules#scala-xml_2.12;2.0.0-M1!scala-xml_2.12.jar(src) (428ms)
2020.06.01 22:15:01 INFO  [info] 	[SUCCESSFUL ] org.scalactic#scalactic_2.12;3.2.0-M4!scalactic_2.12.jar(src) (555ms)
2020.06.01 22:15:01 INFO  [success] Generated .bloop/updated2dshooterplatformer.json
2020.06.01 22:15:01 INFO  [success] Generated .bloop/updated2dshooterplatformer-test.json
2020.06.01 22:15:01 INFO  [success] Total time: 19 s, completed Jun 1, 2020, 10:15:02 PM
2020.06.01 22:15:02 INFO  build tool exit: 0
2020.06.01 22:15:02 INFO  time: ran 'sbt bloopInstall' in 25s
2020.06.01 22:15:02 INFO  disconnected: build server
No more data in the client stdin, exiting...
No more data in the server stdin, exiting...
No more data in the server stdin, exiting...
Starting the bsp launcher for bloop...
Opening a bsp server connection with 'bsp --protocol local --socket /tmp/bsp-launcher14903935920520599065/bsp.socket'...
Waiting for the bsp connection to come up...
[0m[32m[D][0m Loading workspace settings from bloop.settings.json
[0m[32m[D][0m Loading 2 projects from '/home/valtteri/Programming/Scala/Updated2DShooterPlatformer/.bloop'...
[0m[32m[D][0m Loading project from '/home/valtteri/Programming/Scala/Updated2DShooterPlatformer/.bloop/updated2dshooterplatformer-test.json'
[0m[32m[D][0m Loading project from '/home/valtteri/Programming/Scala/Updated2DShooterPlatformer/.bloop/updated2dshooterplatformer.json'
[0m[32m[D][0m Skipped configuration of SemanticDB in unsupported 2.12.6 projects
[0m[32m[D][0m Waiting for a connection at local:///tmp/bsp-launcher14903935920520599065/bsp.socket...
The server is listening for incoming connections at local:///tmp/bsp-launcher14903935920520599065/bsp.socket...
Starting thread that pumps stdin and redirects it to the bsp server...
Starting thread that pumps server stdout and redirects it to the client stdout...
2020.06.01 22:15:03 INFO  tracing is disabled for protocol BSP, to enable tracing of incoming and outgoing JSON messages create an empty file at /home/valtteri/.cache/metals/bsp.trace.json
2020.06.01 22:15:02 INFO  Connected to Build server v1.4.0-RC1-229-b7c15aa9
2020.06.01 22:15:03 WARN  Could not find java sources in None. Java symbols will not be available.
2020.06.01 22:15:04 INFO  time: indexed workspace in 1.26s
2020.06.01 22:15:04 WARN  unsupported Scala 2.12.6
2020.06.01 22:15:09 INFO  compiling updated2dshooterplatformer (1 scala source)
2020.06.01 22:15:09 WARN  unsupported Scala 2.12.6
2020.06.01 22:15:09 INFO  time: compiled updated2dshooterplatformer in 0.11s
2020.06.01 22:15:09 INFO  compiling updated2dshooterplatformer (1 scala source)
2020.06.01 22:15:09 INFO  time: compiled updated2dshooterplatformer in 0.1s
2020.06.01 22:15:15 WARN  unsupported Scala 2.12.6
2020.06.01 22:16:57 INFO  running '/usr/lib/jvm/java-11-openjdk-amd64/bin/java -Djline.terminal=jline.UnsupportedTerminal -Dsbt.log.noformat=true -Dfile.encoding=UTF-8 -jar /tmp/metals5955445556582057753/sbt-launch.jar -Dbloop.export-jar-classifiers=sources bloopInstall'
2020.06.01 22:16:59 INFO  [info] Loading global plugins from /home/valtteri/.sbt/1.0/plugins
2020.06.01 22:17:00 INFO  [info] Loading project definition from /home/valtteri/Programming/Scala/Updated2DShooterPlatformer/project/project
2020.06.01 22:17:00 INFO  [info] Loading settings for project updated2dshooterplatformer-build from assembly.sbt,metals.sbt ...
2020.06.01 22:17:00 INFO  [info] Loading project definition from /home/valtteri/Programming/Scala/Updated2DShooterPlatformer/project
2020.06.01 22:17:03 INFO  [info] Loading settings for project updated2dshooterplatformer from build.sbt ...
2020.06.01 22:17:03 INFO  [info] Set current project to Don't worry about ammo (in build file:/home/valtteri/Programming/Scala/Updated2DShooterPlatformer/)
2020.06.01 22:17:03 INFO  [info] Updating ...
2020.06.01 22:17:19 INFO  [info] downloading https://repo1.maven.org/maven2/org/scalactic/scalactic_2.12/3.1.2/scalactic_2.12-3.1.2.jar ...
2020.06.01 22:17:19 INFO  [info] downloading https://repo1.maven.org/maven2/org/scalatest/scalatest_2.12/3.1.2/scalatest_2.12-3.1.2.jar ...
2020.06.01 22:17:19 INFO  [info] 	[SUCCESSFUL ] org.scalactic#scalactic_2.12;3.1.2!scalactic_2.12.jar(bundle) (519ms)
2020.06.01 22:17:19 INFO  [info] 	[SUCCESSFUL ] org.scalatest#scalatest_2.12;3.1.2!scalatest_2.12.jar(bundle) (937ms)
2020.06.01 22:17:20 INFO  [info] Done updating.
2020.06.01 22:17:20 INFO  [info] downloading https://repo1.maven.org/maven2/org/scalactic/scalactic_2.12/3.1.2/scalactic_2.12-3.1.2-sources.jar ...
2020.06.01 22:17:20 INFO  [info] downloading https://repo1.maven.org/maven2/org/scalatest/scalatest_2.12/3.1.2/scalatest_2.12-3.1.2-sources.jar ...
2020.06.01 22:17:20 INFO  [info] 	[SUCCESSFUL ] org.scalactic#scalactic_2.12;3.1.2!scalactic_2.12.jar(src) (202ms)
2020.06.01 22:17:20 INFO  [info] 	[SUCCESSFUL ] org.scalatest#scalatest_2.12;3.1.2!scalatest_2.12.jar(src) (218ms)
2020.06.01 22:17:20 INFO  [success] Generated .bloop/updated2dshooterplatformer-test.json
2020.06.01 22:17:20 INFO  [success] Generated .bloop/updated2dshooterplatformer.json
2020.06.01 22:17:20 INFO  [success] Total time: 18 s, completed Jun 1, 2020, 10:17:21 PM
2020.06.01 22:17:20 INFO  build tool exit: 0
2020.06.01 22:17:21 INFO  time: ran 'sbt bloopInstall' in 24s
2020.06.01 22:17:21 INFO  disconnected: build server
No more data in the client stdin, exiting...
No more data in the server stdin, exiting...
No more data in the server stdin, exiting...
Starting the bsp launcher for bloop...
Opening a bsp server connection with 'bsp --protocol local --socket /tmp/bsp-launcher13305588237886099616/bsp.socket'...
Waiting for the bsp connection to come up...
[0m[32m[D][0m Loading workspace settings from bloop.settings.json
[0m[32m[D][0m Loading 2 projects from '/home/valtteri/Programming/Scala/Updated2DShooterPlatformer/.bloop'...
[0m[32m[D][0m Loading project from '/home/valtteri/Programming/Scala/Updated2DShooterPlatformer/.bloop/updated2dshooterplatformer.json'
[0m[32m[D][0m Loading project from '/home/valtteri/Programming/Scala/Updated2DShooterPlatformer/.bloop/updated2dshooterplatformer-test.json'
[0m[32m[D][0m Skipped configuration of SemanticDB in unsupported 2.12.6 projects
[0m[32m[D][0m Waiting for a connection at local:///tmp/bsp-launcher13305588237886099616/bsp.socket...
The server is listening for incoming connections at local:///tmp/bsp-launcher13305588237886099616/bsp.socket...
Starting thread that pumps stdin and redirects it to the bsp server...
Starting thread that pumps server stdout and redirects it to the client stdout...
2020.06.01 22:17:21 INFO  tracing is disabled for protocol BSP, to enable tracing of incoming and outgoing JSON messages create an empty file at /home/valtteri/.cache/metals/bsp.trace.json
2020.06.01 22:17:21 INFO  Connected to Build server v1.4.0-RC1-229-b7c15aa9
2020.06.01 22:17:21 WARN  Could not find java sources in None. Java symbols will not be available.
2020.06.01 22:17:21 INFO  time: indexed workspace in 0.93s
2020.06.01 22:17:22 WARN  unsupported Scala 2.12.6
2020.06.01 22:17:22 INFO  compiling updated2dshooterplatformer (1 scala source)
2020.06.01 22:17:22 INFO  time: compiled updated2dshooterplatformer in 0.11s
2020.06.01 22:17:40 WARN  unsupported Scala 2.12.6
2020.06.01 22:17:40 WARN  unsupported Scala 2.12.6
2020.06.01 22:17:49 WARN  unsupported Scala 2.12.6
2020.06.01 22:18:06 WARN  unsupported Scala 2.12.6
2020.06.01 22:18:06 WARN  unsupported Scala 2.12.6
2020.06.01 22:18:09 WARN  unsupported Scala 2.12.6
2020.06.01 22:18:09 WARN  unsupported Scala 2.12.6
2020.06.01 22:18:11 WARN  unsupported Scala 2.12.6
2020.06.01 22:18:11 WARN  unsupported Scala 2.12.6
2020.06.01 22:18:11 WARN  unsupported Scala 2.12.6
2020.06.01 22:18:12 WARN  unsupported Scala 2.12.6
2020.06.01 22:18:12 WARN  unsupported Scala 2.12.6
2020.06.01 22:18:12 WARN  unsupported Scala 2.12.6
2020.06.01 22:18:12 WARN  unsupported Scala 2.12.6
2020.06.01 22:18:12 WARN  unsupported Scala 2.12.6
2020.06.01 22:18:13 WARN  unsupported Scala 2.12.6
2020.06.01 22:18:13 WARN  unsupported Scala 2.12.6
2020.06.01 22:18:13 WARN  unsupported Scala 2.12.6
2020.06.01 22:18:13 WARN  unsupported Scala 2.12.6
2020.06.01 22:18:13 WARN  unsupported Scala 2.12.6
2020.06.01 22:18:13 WARN  unsupported Scala 2.12.6
2020.06.01 22:18:13 WARN  unsupported Scala 2.12.6
2020.06.01 22:18:15 WARN  unsupported Scala 2.12.6
2020.06.01 22:18:15 WARN  unsupported Scala 2.12.6
2020.06.01 22:18:15 WARN  unsupported Scala 2.12.6
2020.06.01 22:18:15 WARN  unsupported Scala 2.12.6
2020.06.01 22:18:15 WARN  unsupported Scala 2.12.6
2020.06.01 22:18:15 WARN  unsupported Scala 2.12.6
2020.06.01 22:18:15 WARN  unsupported Scala 2.12.6
2020.06.01 22:18:16 WARN  unsupported Scala 2.12.6
2020.06.01 22:18:16 WARN  unsupported Scala 2.12.6
2020.06.01 22:18:16 WARN  unsupported Scala 2.12.6
2020.06.01 22:18:16 WARN  unsupported Scala 2.12.6
2020.06.01 22:18:17 WARN  unsupported Scala 2.12.6
2020.06.01 22:18:17 WARN  unsupported Scala 2.12.6
2020.06.01 22:18:17 WARN  unsupported Scala 2.12.6
2020.06.01 22:18:17 WARN  unsupported Scala 2.12.6
2020.06.01 22:18:17 WARN  unsupported Scala 2.12.6
2020.06.01 22:18:17 WARN  unsupported Scala 2.12.6
2020.06.01 22:18:18 WARN  unsupported Scala 2.12.6
2020.06.01 22:18:18 WARN  unsupported Scala 2.12.6
2020.06.01 22:18:19 WARN  unsupported Scala 2.12.6
2020.06.01 22:18:19 WARN  unsupported Scala 2.12.6
2020.06.01 22:18:19 WARN  unsupported Scala 2.12.6
2020.06.01 22:18:21 WARN  unsupported Scala 2.12.6
2020.06.01 22:18:21 WARN  unsupported Scala 2.12.6
2020.06.01 22:18:21 WARN  unsupported Scala 2.12.6
2020.06.01 22:18:21 WARN  unsupported Scala 2.12.6
2020.06.01 22:18:21 WARN  unsupported Scala 2.12.6
2020.06.01 22:18:21 WARN  unsupported Scala 2.12.6
2020.06.01 22:18:21 WARN  unsupported Scala 2.12.6
2020.06.01 22:18:23 WARN  unsupported Scala 2.12.6
2020.06.01 22:18:23 INFO  compiling updated2dshooterplatformer (1 scala source)
2020.06.01 22:18:23 INFO  time: compiled updated2dshooterplatformer in 0.1s
2020.06.01 22:18:23 INFO  compiling updated2dshooterplatformer (1 scala source)
2020.06.01 22:18:23 INFO  time: compiled updated2dshooterplatformer in 0.1s
2020.06.01 22:18:25 WARN  unsupported Scala 2.12.6
2020.06.01 22:18:26 WARN  unsupported Scala 2.12.6
2020.06.01 22:18:26 WARN  unsupported Scala 2.12.6
2020.06.01 22:18:26 WARN  unsupported Scala 2.12.6
2020.06.01 22:18:28 WARN  unsupported Scala 2.12.6
2020.06.01 22:18:28 WARN  unsupported Scala 2.12.6
2020.06.01 22:18:28 WARN  unsupported Scala 2.12.6
2020.06.01 22:19:20 WARN  unsupported Scala 2.12.6
2020.06.01 22:19:20 WARN  unsupported Scala 2.12.6
2020.06.01 22:19:21 WARN  unsupported Scala 2.12.6
2020.06.01 22:19:21 WARN  unsupported Scala 2.12.6
2020.06.01 22:19:53 WARN  unsupported Scala 2.12.6
2020.06.01 22:19:53 WARN  no build target for: /home/valtteri/Programming/Scala/Updated2DShooterPlatformer/src/test/UnitTests.scala
2020.06.01 22:20:19 WARN  unsupported Scala 2.12.6
2020.06.01 22:20:19 WARN  unsupported Scala 2.12.6
2020.06.01 22:20:19 WARN  unsupported Scala 2.12.6
2020.06.01 22:20:19 INFO  compiling updated2dshooterplatformer-test (1 scala source)
2020.06.01 22:20:19 WARN  unsupported Scala 2.12.6
2020.06.01 22:20:19 INFO  time: compiled updated2dshooterplatformer-test in 0.42s
2020.06.01 22:20:30 WARN  unsupported Scala 2.12.6
2020.06.01 22:20:30 WARN  unsupported Scala 2.12.6
2020.06.01 22:28:28 INFO  skipping build import with status 'Installed'
2020.06.01 23:06:47 INFO  shutting down Metals
No more data in the client stdin, exiting...
No more data in the server stdin, exiting...
No more data in the server stdin, exiting...
2020.06.02 10:01:06 INFO  started: Metals version 0.9.0 in workspace '/home/valtteri/Programming/Scala/Updated2DShooterPlatformer'
2020.06.02 10:01:06 INFO  time: initialize in 0.79s
Starting the bsp launcher for bloop...
Opening a bsp server connection with 'bsp --protocol local --socket /tmp/bsp-launcher2693461253136051154/bsp.socket'...
Waiting for the bsp connection to come up...
2020.06.02 10:01:07 INFO  skipping build import with status 'Installed'
2020.06.02 10:01:07 INFO  no build target: using presentation compiler with only scala-library
Waiting for the bsp connection to come up...
Waiting for the bsp connection to come up...
2020.06.02 10:01:09 WARN  no build target for: /home/valtteri/Programming/Scala/Updated2DShooterPlatformer/src/test/scala/UnitTests.scala
No server running at 127.0.0.1:8212, let's fire one...
Resolving ch.epfl.scala:bloop-frontend_2.12:1.4.0-RC1-229-b7c15aa9...
Starting bloop server at 127.0.0.1:8212...
Attempting a connection to the server...
Attempting a connection to the server...
Attempting a connection to the server...
[0m[32m[D][0m Loading workspace settings from bloop.settings.json
[0m[32m[D][0m Loading 2 projects from '/home/valtteri/Programming/Scala/Updated2DShooterPlatformer/.bloop'...
[0m[32m[D][0m Loading project from '/home/valtteri/Programming/Scala/Updated2DShooterPlatformer/.bloop/updated2dshooterplatformer-test.json'
[0m[32m[D][0m Loading project from '/home/valtteri/Programming/Scala/Updated2DShooterPlatformer/.bloop/updated2dshooterplatformer.json'
[0m[32m[D][0m Cache miss for scala instance org.scala-lang:scala-compiler:2.12.6.
[0m[32m[D][0m   => /home/valtteri/.sbt/boot/scala-2.12.6/lib/jline.jar
[0m[32m[D][0m   => /home/valtteri/.sbt/boot/scala-2.12.6/lib/scala-compiler.jar
[0m[32m[D][0m   => /home/valtteri/.sbt/boot/scala-2.12.6/lib/scala-library.jar
[0m[32m[D][0m   => /home/valtteri/.sbt/boot/scala-2.12.6/lib/scala-reflect.jar
[0m[32m[D][0m   => /home/valtteri/.sbt/boot/scala-2.12.6/lib/scala-xml_2.12.jar
[0m[32m[D][0m Skipped configuration of SemanticDB in unsupported 2.12.6 projects
[0m[32m[D][0m Loading previous analysis for 'updated2dshooterplatformer-test' from '/home/valtteri/Programming/Scala/Updated2DShooterPlatformer/target/streams/test/bloopAnalysisOut/$global/streams/inc_compile_2.12.zip'.
[0m[32m[D][0m Loading previous analysis for 'updated2dshooterplatformer' from '/home/valtteri/Programming/Scala/Updated2DShooterPlatformer/target/streams/compile/bloopAnalysisOut/$global/streams/inc_compile_2.12.zip'.
[0m[32m[D][0m Waiting for a connection at local:///tmp/bsp-launcher2693461253136051154/bsp.socket...
The server is listening for incoming connections at local:///tmp/bsp-launcher2693461253136051154/bsp.socket...
Starting thread that pumps stdin and redirects it to the bsp server...
Starting thread that pumps server stdout and redirects it to the client stdout...
2020.06.02 10:01:09 INFO  tracing is disabled for protocol BSP, to enable tracing of incoming and outgoing JSON messages create an empty file at /home/valtteri/.cache/metals/bsp.trace.json
2020.06.02 10:01:09 INFO  time: connected to build server in 2.62s
2020.06.02 10:01:09 INFO  Connected to Build server v1.4.0-RC1-229-b7c15aa9
2020.06.02 10:01:11 WARN  Could not find java sources in None. Java symbols will not be available.
2020.06.02 10:01:11 INFO  time: indexed workspace in 1.23s
2020.06.02 10:01:11 WARN  unsupported Scala 2.12.6
2020.06.02 10:01:39 WARN  unsupported Scala 2.12.6
2020.06.02 10:01:39 WARN  unsupported Scala 2.12.6
2020.06.02 10:01:39 WARN  unsupported Scala 2.12.6
2020.06.02 10:01:39 WARN  unsupported Scala 2.12.6
2020.06.02 10:01:39 WARN  unsupported Scala 2.12.6
2020.06.02 10:02:18 WARN  unsupported Scala 2.12.6
2020.06.02 10:02:18 WARN  unsupported Scala 2.12.6
2020.06.02 10:02:24 WARN  unsupported Scala 2.12.6
2020.06.02 10:02:24 WARN  unsupported Scala 2.12.6
2020.06.02 10:02:24 WARN  unsupported Scala 2.12.6
2020.06.02 10:02:24 WARN  unsupported Scala 2.12.6
2020.06.02 10:04:53 WARN  unsupported Scala 2.12.6
2020.06.02 10:04:53 WARN  unsupported Scala 2.12.6
2020.06.02 10:05:43 WARN  unsupported Scala 2.12.6
2020.06.02 10:05:43 WARN  unsupported Scala 2.12.6
2020.06.02 10:05:43 WARN  unsupported Scala 2.12.6
2020.06.02 10:05:43 WARN  unsupported Scala 2.12.6
2020.06.02 10:05:43 WARN  unsupported Scala 2.12.6
2020.06.02 10:05:43 WARN  unsupported Scala 2.12.6
2020.06.02 10:06:01 WARN  unsupported Scala 2.12.6
2020.06.02 10:06:10 WARN  unsupported Scala 2.12.6
2020.06.02 10:06:27 WARN  unsupported Scala 2.12.6
2020.06.02 10:06:30 WARN  unsupported Scala 2.12.6
2020.06.02 10:06:37 WARN  unsupported Scala 2.12.6
2020.06.02 10:06:37 WARN  unsupported Scala 2.12.6
2020.06.02 10:06:37 WARN  unsupported Scala 2.12.6
2020.06.02 10:06:37 WARN  unsupported Scala 2.12.6
2020.06.02 10:06:37 WARN  unsupported Scala 2.12.6
2020.06.02 10:06:40 WARN  unsupported Scala 2.12.6
2020.06.02 10:06:49 WARN  unsupported Scala 2.12.6
2020.06.02 10:06:49 WARN  unsupported Scala 2.12.6
2020.06.02 10:07:07 WARN  unsupported Scala 2.12.6
2020.06.02 10:08:04 WARN  unsupported Scala 2.12.6
2020.06.02 10:08:04 WARN  unsupported Scala 2.12.6
2020.06.02 10:08:07 WARN  unsupported Scala 2.12.6
2020.06.02 10:08:07 WARN  unsupported Scala 2.12.6
2020.06.02 10:08:11 WARN  unsupported Scala 2.12.6
2020.06.02 10:08:11 WARN  unsupported Scala 2.12.6
2020.06.02 10:08:17 WARN  unsupported Scala 2.12.6
2020.06.02 10:08:17 WARN  unsupported Scala 2.12.6
2020.06.02 10:08:17 WARN  unsupported Scala 2.12.6
2020.06.02 10:08:17 WARN  unsupported Scala 2.12.6
2020.06.02 10:08:17 WARN  unsupported Scala 2.12.6
2020.06.02 10:08:54 WARN  unsupported Scala 2.12.6
2020.06.02 10:09:39 WARN  unsupported Scala 2.12.6
2020.06.02 10:09:41 WARN  unsupported Scala 2.12.6
2020.06.02 10:09:46 WARN  unsupported Scala 2.12.6
2020.06.02 10:10:09 WARN  unsupported Scala 2.12.6
2020.06.02 10:59:25 WARN  unsupported Scala 2.12.6
2020.06.02 10:59:25 WARN  unsupported Scala 2.12.6
2020.06.02 10:59:25 WARN  unsupported Scala 2.12.6
2020.06.02 10:59:32 INFO  shutting down Metals
No more data in the client stdin, exiting...
No more data in the server stdin, exiting...
No more data in the server stdin, exiting...
2020.06.02 11:56:41 INFO  started: Metals version 0.9.0 in workspace '/home/valtteri/Programming/Scala/Updated2DShooterPlatformer'
2020.06.02 11:56:42 INFO  time: initialize in 0.8s
Starting the bsp launcher for bloop...
Opening a bsp server connection with 'bsp --protocol local --socket /tmp/bsp-launcher10411522663143449199/bsp.socket'...
Waiting for the bsp connection to come up...
2020.06.02 11:56:43 INFO  skipping build import with status 'Installed'
[0m[32m[D][0m Loading workspace settings from bloop.settings.json
[0m[32m[D][0m Waiting for a connection at local:///tmp/bsp-launcher10411522663143449199/bsp.socket...
The server is listening for incoming connections at local:///tmp/bsp-launcher10411522663143449199/bsp.socket...
Starting thread that pumps stdin and redirects it to the bsp server...
Starting thread that pumps server stdout and redirects it to the client stdout...
2020.06.02 11:56:43 INFO  tracing is disabled for protocol BSP, to enable tracing of incoming and outgoing JSON messages create an empty file at /home/valtteri/.cache/metals/bsp.trace.json
2020.06.02 11:56:43 INFO  time: connected to build server in 0.18s
2020.06.02 11:56:43 INFO  Connected to Build server v1.4.0-RC1-229-b7c15aa9
2020.06.02 11:56:44 WARN  Could not find java sources in None. Java symbols will not be available.
2020.06.02 11:56:44 INFO  time: indexed workspace in 1.7s
2020.06.02 11:56:53 WARN  unsupported Scala 2.12.6
2020.06.02 11:56:53 INFO  no build target: using presentation compiler with only scala-library
2020.06.02 11:56:54 WARN  unsupported Scala 2.12.6
2020.06.02 11:56:54 WARN  unsupported Scala 2.12.6
2020.06.02 11:56:54 WARN  unsupported Scala 2.12.6
2020.06.02 11:56:59 WARN  unsupported Scala 2.12.6
2020.06.02 11:57:12 WARN  unsupported Scala 2.12.6
2020.06.02 11:57:52 WARN  unsupported Scala 2.12.6
2020.06.02 11:57:52 WARN  unsupported Scala 2.12.6
2020.06.02 11:57:56 WARN  unsupported Scala 2.12.6
2020.06.02 11:57:56 WARN  unsupported Scala 2.12.6
2020.06.02 11:57:56 WARN  unsupported Scala 2.12.6
2020.06.02 11:57:56 WARN  unsupported Scala 2.12.6
2020.06.02 11:57:56 WARN  unsupported Scala 2.12.6
2020.06.02 11:57:57 WARN  unsupported Scala 2.12.6
2020.06.02 11:57:56 WARN  unsupported Scala 2.12.6
2020.06.02 11:57:56 WARN  unsupported Scala 2.12.6
2020.06.02 11:57:58 WARN  unsupported Scala 2.12.6
2020.06.02 11:57:58 WARN  unsupported Scala 2.12.6
2020.06.02 11:57:58 WARN  unsupported Scala 2.12.6
2020.06.02 11:57:58 WARN  unsupported Scala 2.12.6
2020.06.02 11:57:58 WARN  unsupported Scala 2.12.6
2020.06.02 11:58:02 WARN  unsupported Scala 2.12.6
2020.06.02 11:58:28 WARN  unsupported Scala 2.12.6
2020.06.02 11:58:55 WARN  unsupported Scala 2.12.6
2020.06.02 11:58:55 WARN  unsupported Scala 2.12.6
2020.06.02 11:59:50 WARN  unsupported Scala 2.12.6
2020.06.02 11:59:50 WARN  unsupported Scala 2.12.6
2020.06.02 12:00:06 WARN  unsupported Scala 2.12.6
2020.06.02 12:00:06 WARN  unsupported Scala 2.12.6
2020.06.02 12:01:07 WARN  unsupported Scala 2.12.6
2020.06.02 12:01:07 WARN  unsupported Scala 2.12.6
2020.06.02 12:01:23 WARN  unsupported Scala 2.12.6
2020.06.02 12:01:25 WARN  unsupported Scala 2.12.6
2020.06.02 12:01:25 WARN  unsupported Scala 2.12.6
2020.06.02 12:01:27 WARN  unsupported Scala 2.12.6
No more data in the client stdin, exiting...
No more data in the server stdin, exiting...
No more data in the server stdin, exiting...
2020.06.02 15:56:45 INFO  started: Metals version 0.9.0 in workspace '/home/valtteri/Programming/Scala/Updated2DShooterPlatformer'
2020.06.02 15:56:45 INFO  time: initialize in 0.82s
Starting the bsp launcher for bloop...
Opening a bsp server connection with 'bsp --protocol local --socket /tmp/bsp-launcher12082738434899250149/bsp.socket'...
Waiting for the bsp connection to come up...
2020.06.02 15:56:49 INFO  skipping build import with status 'Installed'
2020.06.02 15:56:49 INFO  no build target: using presentation compiler with only scala-library
Waiting for the bsp connection to come up...
2020.06.02 15:56:51 WARN  no build target for: /home/valtteri/Programming/Scala/Updated2DShooterPlatformer/src/main/scala/GameMenus.scala
Waiting for the bsp connection to come up...
No server running at 127.0.0.1:8212, let's fire one...
Resolving ch.epfl.scala:bloop-frontend_2.12:1.4.0-RC1-229-b7c15aa9...
Starting bloop server at 127.0.0.1:8212...
Attempting a connection to the server...
Attempting a connection to the server...
Attempting a connection to the server...
[0m[32m[D][0m Loading workspace settings from bloop.settings.json
[0m[32m[D][0m Loading 2 projects from '/home/valtteri/Programming/Scala/Updated2DShooterPlatformer/.bloop'...
[0m[32m[D][0m Loading project from '/home/valtteri/Programming/Scala/Updated2DShooterPlatformer/.bloop/updated2dshooterplatformer.json'
[0m[32m[D][0m Loading project from '/home/valtteri/Programming/Scala/Updated2DShooterPlatformer/.bloop/updated2dshooterplatformer-test.json'
[0m[32m[D][0m Cache miss for scala instance org.scala-lang:scala-compiler:2.12.6.
[0m[32m[D][0m   => /home/valtteri/.sbt/boot/scala-2.12.6/lib/jline.jar
[0m[32m[D][0m   => /home/valtteri/.sbt/boot/scala-2.12.6/lib/scala-compiler.jar
[0m[32m[D][0m   => /home/valtteri/.sbt/boot/scala-2.12.6/lib/scala-library.jar
[0m[32m[D][0m   => /home/valtteri/.sbt/boot/scala-2.12.6/lib/scala-reflect.jar
[0m[32m[D][0m   => /home/valtteri/.sbt/boot/scala-2.12.6/lib/scala-xml_2.12.jar
[0m[32m[D][0m Skipped configuration of SemanticDB in unsupported 2.12.6 projects
[0m[32m[D][0m Loading previous analysis for 'updated2dshooterplatformer-test' from '/home/valtteri/Programming/Scala/Updated2DShooterPlatformer/target/streams/test/bloopAnalysisOut/$global/streams/inc_compile_2.12.zip'.
[0m[32m[D][0m Loading previous analysis for 'updated2dshooterplatformer' from '/home/valtteri/Programming/Scala/Updated2DShooterPlatformer/target/streams/compile/bloopAnalysisOut/$global/streams/inc_compile_2.12.zip'.
[0m[32m[D][0m Waiting for a connection at local:///tmp/bsp-launcher12082738434899250149/bsp.socket...
The server is listening for incoming connections at local:///tmp/bsp-launcher12082738434899250149/bsp.socket...
Starting thread that pumps stdin and redirects it to the bsp server...
Starting thread that pumps server stdout and redirects it to the client stdout...
2020.06.02 15:56:52 INFO  tracing is disabled for protocol BSP, to enable tracing of incoming and outgoing JSON messages create an empty file at /home/valtteri/.cache/metals/bsp.trace.json
2020.06.02 15:56:52 INFO  time: connected to build server in 2.9s
2020.06.02 15:56:52 INFO  Connected to Build server v1.4.0-RC1-229-b7c15aa9
2020.06.02 15:56:53 WARN  Could not find java sources in None. Java symbols will not be available.
2020.06.02 15:56:53 INFO  time: indexed workspace in 1.24s
2020.06.02 15:57:08 WARN  unsupported Scala 2.12.6
2020.06.02 15:57:08 WARN  unsupported Scala 2.12.6
2020.06.02 15:57:08 WARN  unsupported Scala 2.12.6
2020.06.02 15:57:08 WARN  unsupported Scala 2.12.6
2020.06.02 15:57:10 WARN  unsupported Scala 2.12.6
2020.06.02 15:58:21 WARN  unsupported Scala 2.12.6
2020.06.02 15:58:21 WARN  unsupported Scala 2.12.6
2020.06.02 15:58:21 WARN  unsupported Scala 2.12.6
2020.06.02 15:58:21 WARN  unsupported Scala 2.12.6
2020.06.02 15:58:21 WARN  unsupported Scala 2.12.6
2020.06.02 16:36:38 INFO  shutting down Metals
No more data in the client stdin, exiting...
No more data in the server stdin, exiting...
No more data in the server stdin, exiting...
2020.06.03 12:28:52 INFO  started: Metals version 0.9.0 in workspace '/home/valtteri/Programming/Scala/Updated2DShooterPlatformer'
2020.06.03 12:28:53 INFO  time: initialize in 0.77s
Starting the bsp launcher for bloop...
Opening a bsp server connection with 'bsp --protocol local --socket /tmp/bsp-launcher1695054041293984609/bsp.socket'...
Waiting for the bsp connection to come up...
2020.06.03 12:28:53 INFO  skipping build import with status 'Installed'
2020.06.03 12:28:53 INFO  no build target: using presentation compiler with only scala-library
Waiting for the bsp connection to come up...
2020.06.03 12:28:55 WARN  no build target for: /home/valtteri/Programming/Scala/Updated2DShooterPlatformer/src/main/scala/Level.scala
Waiting for the bsp connection to come up...
No server running at 127.0.0.1:8212, let's fire one...
Resolving ch.epfl.scala:bloop-frontend_2.12:1.4.0-RC1-229-b7c15aa9...
Starting bloop server at 127.0.0.1:8212...
Attempting a connection to the server...
Attempting a connection to the server...
Attempting a connection to the server...
[0m[32m[D][0m Loading workspace settings from bloop.settings.json
[0m[32m[D][0m Loading 2 projects from '/home/valtteri/Programming/Scala/Updated2DShooterPlatformer/.bloop'...
[0m[32m[D][0m Loading project from '/home/valtteri/Programming/Scala/Updated2DShooterPlatformer/.bloop/updated2dshooterplatformer-test.json'
[0m[32m[D][0m Loading project from '/home/valtteri/Programming/Scala/Updated2DShooterPlatformer/.bloop/updated2dshooterplatformer.json'
[0m[32m[D][0m Cache miss for scala instance org.scala-lang:scala-compiler:2.12.6.
[0m[32m[D][0m   => /home/valtteri/.sbt/boot/scala-2.12.6/lib/jline.jar
[0m[32m[D][0m   => /home/valtteri/.sbt/boot/scala-2.12.6/lib/scala-compiler.jar
[0m[32m[D][0m   => /home/valtteri/.sbt/boot/scala-2.12.6/lib/scala-library.jar
[0m[32m[D][0m   => /home/valtteri/.sbt/boot/scala-2.12.6/lib/scala-reflect.jar
[0m[32m[D][0m   => /home/valtteri/.sbt/boot/scala-2.12.6/lib/scala-xml_2.12.jar
[0m[32m[D][0m Skipped configuration of SemanticDB in unsupported 2.12.6 projects
[0m[32m[D][0m Loading previous analysis for 'updated2dshooterplatformer-test' from '/home/valtteri/Programming/Scala/Updated2DShooterPlatformer/target/streams/test/bloopAnalysisOut/$global/streams/inc_compile_2.12.zip'.
[0m[32m[D][0m Loading previous analysis for 'updated2dshooterplatformer' from '/home/valtteri/Programming/Scala/Updated2DShooterPlatformer/target/streams/compile/bloopAnalysisOut/$global/streams/inc_compile_2.12.zip'.
[0m[32m[D][0m Waiting for a connection at local:///tmp/bsp-launcher1695054041293984609/bsp.socket...
The server is listening for incoming connections at local:///tmp/bsp-launcher1695054041293984609/bsp.socket...
Starting thread that pumps stdin and redirects it to the bsp server...
Starting thread that pumps server stdout and redirects it to the client stdout...
2020.06.03 12:28:55 INFO  tracing is disabled for protocol BSP, to enable tracing of incoming and outgoing JSON messages create an empty file at /home/valtteri/.cache/metals/bsp.trace.json
2020.06.03 12:28:56 INFO  time: connected to build server in 2.56s
2020.06.03 12:28:56 INFO  Connected to Build server v1.4.0-RC1-229-b7c15aa9
2020.06.03 12:28:57 WARN  Could not find java sources in None. Java symbols will not be available.
2020.06.03 12:28:57 INFO  time: indexed workspace in 1.18s
2020.06.03 12:28:57 WARN  unsupported Scala 2.12.6
2020.06.03 12:30:17 INFO  shutting down Metals
No more data in the client stdin, exiting...
No more data in the server stdin, exiting...
No more data in the server stdin, exiting...
2020.06.03 19:36:19 INFO  started: Metals version 0.9.0 in workspace '/home/valtteri/Programming/Scala/Updated2DShooterPlatformer'
2020.06.03 19:36:20 INFO  time: initialize in 0.85s
Starting the bsp launcher for bloop...
Opening a bsp server connection with 'bsp --protocol local --socket /tmp/bsp-launcher12029072057679353161/bsp.socket'...
Waiting for the bsp connection to come up...
2020.06.03 19:36:20 INFO  skipping build import with status 'Installed'
2020.06.03 19:36:20 INFO  no build target: using presentation compiler with only scala-library
[0m[32m[D][0m Loading workspace settings from bloop.settings.json
[0m[32m[D][0m Waiting for a connection at local:///tmp/bsp-launcher12029072057679353161/bsp.socket...
The server is listening for incoming connections at local:///tmp/bsp-launcher12029072057679353161/bsp.socket...
Starting thread that pumps stdin and redirects it to the bsp server...
Starting thread that pumps server stdout and redirects it to the client stdout...
2020.06.03 19:36:20 INFO  tracing is disabled for protocol BSP, to enable tracing of incoming and outgoing JSON messages create an empty file at /home/valtteri/.cache/metals/bsp.trace.json
2020.06.03 19:36:20 INFO  time: connected to build server in 0.23s
2020.06.03 19:36:20 INFO  Connected to Build server v1.4.0-RC1-229-b7c15aa9
2020.06.03 19:36:22 WARN  unsupported Scala 2.12.6
2020.06.03 19:36:22 WARN  unsupported Scala 2.12.6
2020.06.03 19:36:22 WARN  unsupported Scala 2.12.6
2020.06.03 19:36:22 WARN  Could not find java sources in None. Java symbols will not be available.
2020.06.03 19:36:22 INFO  time: indexed workspace in 1.84s
2020.06.03 19:36:22 WARN  unsupported Scala 2.12.6
2020.06.03 19:39:09 WARN  unsupported Scala 2.12.6
2020.06.03 19:39:09 WARN  unsupported Scala 2.12.6
2020.06.03 19:39:09 WARN  unsupported Scala 2.12.6
2020.06.03 19:39:09 WARN  unsupported Scala 2.12.6
2020.06.03 19:39:14 WARN  unsupported Scala 2.12.6
2020.06.03 19:39:21 INFO  running '/usr/lib/jvm/java-11-openjdk-amd64/bin/java -Djline.terminal=jline.UnsupportedTerminal -Dsbt.log.noformat=true -Dfile.encoding=UTF-8 -jar /tmp/metals10907340997420085256/sbt-launch.jar -Dbloop.export-jar-classifiers=sources bloopInstall'
2020.06.03 19:39:24 INFO  [info] Loading global plugins from /home/valtteri/.sbt/1.0/plugins
2020.06.03 19:39:25 INFO  [info] Loading project definition from /home/valtteri/Programming/Scala/Updated2DShooterPlatformer/project/project
2020.06.03 19:39:25 INFO  [info] Loading settings for project updated2dshooterplatformer-build from assembly.sbt,metals.sbt ...
2020.06.03 19:39:25 INFO  [info] Loading project definition from /home/valtteri/Programming/Scala/Updated2DShooterPlatformer/project
2020.06.03 19:39:27 INFO  [info] Loading settings for project updated2dshooterplatformer from plugins.sbt,build.sbt ...
2020.06.03 19:39:27 INFO  [info] Set current project to Don't worry about ammo (in build file:/home/valtteri/Programming/Scala/Updated2DShooterPlatformer/)
2020.06.03 19:39:27 INFO  [info] Updating ...
2020.06.03 19:39:57 INFO  [warn] 	module not found: com.typesafe.sbteclipse#sbteclipse-plugin;5.2.4
2020.06.03 19:39:57 INFO  [warn] ==== local: tried
2020.06.03 19:39:57 INFO  [warn]   /home/valtteri/.ivy2/local/com.typesafe.sbteclipse/sbteclipse-plugin/scala_2.12/sbt_1.0/5.2.4/ivys/ivy.xml
2020.06.03 19:39:57 INFO  [warn] ==== public: tried
2020.06.03 19:39:57 INFO  [warn]   https://repo1.maven.org/maven2/com/typesafe/sbteclipse/sbteclipse-plugin_2.12_1.0/5.2.4/sbteclipse-plugin-5.2.4.pom
2020.06.03 19:39:57 INFO  [warn] ==== local-preloaded-ivy: tried
2020.06.03 19:39:57 INFO  [warn]   /home/valtteri/.sbt/preloaded/com.typesafe.sbteclipse/sbteclipse-plugin/5.2.4/ivys/ivy.xml
2020.06.03 19:39:57 INFO  [warn] ==== local-preloaded: tried
2020.06.03 19:39:57 INFO  [warn]   file:////home/valtteri/.sbt/preloaded/com/typesafe/sbteclipse/sbteclipse-plugin_2.12_1.0/5.2.4/sbteclipse-plugin-5.2.4.pom
2020.06.03 19:39:57 INFO  [warn] ==== sonatype-snapshots: tried
2020.06.03 19:39:57 INFO  [warn]   https://oss.sonatype.org/content/repositories/snapshots/com/typesafe/sbteclipse/sbteclipse-plugin_2.12_1.0/5.2.4/sbteclipse-plugin-5.2.4.pom
2020.06.03 19:39:57 INFO  [warn] 	::::::::::::::::::::::::::::::::::::::::::::::
2020.06.03 19:39:57 INFO  [warn] 	::          UNRESOLVED DEPENDENCIES         ::
2020.06.03 19:39:57 INFO  [warn] 	::::::::::::::::::::::::::::::::::::::::::::::
2020.06.03 19:39:57 INFO  [warn] 	:: com.typesafe.sbteclipse#sbteclipse-plugin;5.2.4: not found
2020.06.03 19:39:57 INFO  [warn] 	::::::::::::::::::::::::::::::::::::::::::::::
2020.06.03 19:39:57 INFO  [warn] 
2020.06.03 19:39:57 INFO  [warn] 	Note: Some unresolved dependencies have extra attributes.  Check that these dependencies exist with the requested attributes.
2020.06.03 19:39:57 INFO  [warn] 		com.typesafe.sbteclipse:sbteclipse-plugin:5.2.4 (scalaVersion=2.12, sbtVersion=1.0)
2020.06.03 19:39:57 INFO  [warn] 
2020.06.03 19:39:57 INFO  [warn] 	Note: Unresolved dependencies path:
2020.06.03 19:39:57 INFO  [warn] 		com.typesafe.sbteclipse:sbteclipse-plugin:5.2.4 (scalaVersion=2.12, sbtVersion=1.0) (/home/valtteri/Programming/Scala/Updated2DShooterPlatformer/plugins.sbt#L1-2)
2020.06.03 19:39:57 INFO  [warn] 		  +- don-t-worry-about-ammo:don-t-worry-about-ammo_2.12:1.0.0
2020.06.03 19:39:57 INFO  [error] sbt.librarymanagement.ResolveException: unresolved dependency: com.typesafe.sbteclipse#sbteclipse-plugin;5.2.4: not found
2020.06.03 19:39:57 INFO  [error] 	at sbt.internal.librarymanagement.IvyActions$.resolveAndRetrieve(IvyActions.scala:332)
2020.06.03 19:39:57 INFO  [error] 	at sbt.internal.librarymanagement.IvyActions$.$anonfun$updateEither$1(IvyActions.scala:208)
2020.06.03 19:39:57 INFO  [error] 	at sbt.internal.librarymanagement.IvySbt$Module.$anonfun$withModule$1(Ivy.scala:239)
2020.06.03 19:39:57 INFO  [error] 	at sbt.internal.librarymanagement.IvySbt.$anonfun$withIvy$1(Ivy.scala:204)
2020.06.03 19:39:57 INFO  [error] 	at sbt.internal.librarymanagement.IvySbt.sbt$internal$librarymanagement$IvySbt$$action$1(Ivy.scala:70)
2020.06.03 19:39:57 INFO  [error] 	at sbt.internal.librarymanagement.IvySbt$$anon$3.call(Ivy.scala:77)
2020.06.03 19:39:57 INFO  [error] 	at xsbt.boot.Locks$GlobalLock.withChannel$1(Locks.scala:95)
2020.06.03 19:39:57 INFO  [error] 	at xsbt.boot.Locks$GlobalLock.xsbt$boot$Locks$GlobalLock$$withChannelRetries$1(Locks.scala:80)
2020.06.03 19:39:57 INFO  [error] 	at xsbt.boot.Locks$GlobalLock$$anonfun$withFileLock$1.apply(Locks.scala:99)
2020.06.03 19:39:57 INFO  [error] 	at xsbt.boot.Using$.withResource(Using.scala:10)
2020.06.03 19:39:57 INFO  [error] 	at xsbt.boot.Using$.apply(Using.scala:9)
2020.06.03 19:39:57 INFO  [error] 	at xsbt.boot.Locks$GlobalLock.ignoringDeadlockAvoided(Locks.scala:60)
2020.06.03 19:39:57 INFO  [error] 	at xsbt.boot.Locks$GlobalLock.withLock(Locks.scala:50)
2020.06.03 19:39:57 INFO  [error] 	at xsbt.boot.Locks$.apply0(Locks.scala:31)
2020.06.03 19:39:57 INFO  [error] 	at xsbt.boot.Locks$.apply(Locks.scala:28)
2020.06.03 19:39:57 INFO  [error] 	at sbt.internal.librarymanagement.IvySbt.withDefaultLogger(Ivy.scala:77)
2020.06.03 19:39:57 INFO  [error] 	at sbt.internal.librarymanagement.IvySbt.withIvy(Ivy.scala:199)
2020.06.03 19:39:57 INFO  [error] 	at sbt.internal.librarymanagement.IvySbt.withIvy(Ivy.scala:196)
2020.06.03 19:39:57 INFO  [error] 	at sbt.internal.librarymanagement.IvySbt$Module.withModule(Ivy.scala:238)
2020.06.03 19:39:57 INFO  [error] 	at sbt.internal.librarymanagement.IvyActions$.updateEither(IvyActions.scala:193)
2020.06.03 19:39:57 INFO  [error] 	at sbt.librarymanagement.ivy.IvyDependencyResolution.update(IvyDependencyResolution.scala:20)
2020.06.03 19:39:57 INFO  [error] 	at sbt.librarymanagement.DependencyResolution.update(DependencyResolution.scala:56)
2020.06.03 19:39:57 INFO  [error] 	at sbt.internal.LibraryManagement$.resolve$1(LibraryManagement.scala:45)
2020.06.03 19:39:57 INFO  [error] 	at sbt.internal.LibraryManagement$.$anonfun$cachedUpdate$12(LibraryManagement.scala:93)
2020.06.03 19:39:57 INFO  [error] 	at sbt.util.Tracked$.$anonfun$lastOutput$1(Tracked.scala:68)
2020.06.03 19:39:57 INFO  [error] 	at sbt.internal.LibraryManagement$.$anonfun$cachedUpdate$19(LibraryManagement.scala:106)
2020.06.03 19:39:57 INFO  [error] 	at scala.util.control.Exception$Catch.apply(Exception.scala:224)
2020.06.03 19:39:57 INFO  [error] 	at sbt.internal.LibraryManagement$.$anonfun$cachedUpdate$11(LibraryManagement.scala:106)
2020.06.03 19:39:57 INFO  [error] 	at sbt.internal.LibraryManagement$.$anonfun$cachedUpdate$11$adapted(LibraryManagement.scala:89)
2020.06.03 19:39:57 INFO  [error] 	at sbt.util.Tracked$.$anonfun$inputChanged$1(Tracked.scala:149)
2020.06.03 19:39:57 INFO  [error] 	at sbt.internal.LibraryManagement$.cachedUpdate(LibraryManagement.scala:120)
2020.06.03 19:39:57 INFO  [error] 	at sbt.Classpaths$.$anonfun$updateTask$5(Defaults.scala:2550)
2020.06.03 19:39:57 INFO  [error] 	at scala.Function1.$anonfun$compose$1(Function1.scala:44)
2020.06.03 19:39:57 INFO  [error] 	at sbt.internal.util.$tilde$greater.$anonfun$$u2219$1(TypeFunctions.scala:40)
2020.06.03 19:39:57 INFO  [error] 	at sbt.std.Transform$$anon$4.work(System.scala:67)
2020.06.03 19:39:57 INFO  [error] 	at sbt.Execute.$anonfun$submit$2(Execute.scala:269)
2020.06.03 19:39:57 INFO  [error] 	at sbt.internal.util.ErrorHandling$.wideConvert(ErrorHandling.scala:16)
2020.06.03 19:39:57 INFO  [error] 	at sbt.Execute.work(Execute.scala:278)
2020.06.03 19:39:57 INFO  [error] 	at sbt.Execute.$anonfun$submit$1(Execute.scala:269)
2020.06.03 19:39:57 INFO  [error] 	at sbt.ConcurrentRestrictions$$anon$4.$anonfun$submitValid$1(ConcurrentRestrictions.scala:178)
2020.06.03 19:39:57 INFO  [error] 	at sbt.CompletionService$$anon$2.call(CompletionService.scala:37)
2020.06.03 19:39:57 INFO  [error] 	at java.base/java.util.concurrent.FutureTask.run(FutureTask.java:264)
2020.06.03 19:39:57 INFO  [error] 	at java.base/java.util.concurrent.Executors$RunnableAdapter.call(Executors.java:515)
2020.06.03 19:39:57 INFO  [error] 	at java.base/java.util.concurrent.FutureTask.run(FutureTask.java:264)
2020.06.03 19:39:57 INFO  [error] 	at java.base/java.util.concurrent.ThreadPoolExecutor.runWorker(ThreadPoolExecutor.java:1128)
2020.06.03 19:39:57 INFO  [error] 	at java.base/java.util.concurrent.ThreadPoolExecutor$Worker.run(ThreadPoolExecutor.java:628)
2020.06.03 19:39:57 INFO  [error] 	at java.base/java.lang.Thread.run(Thread.java:834)
2020.06.03 19:39:57 INFO  [error] (update) sbt.librarymanagement.ResolveException: unresolved dependency: com.typesafe.sbteclipse#sbteclipse-plugin;5.2.4: not found
2020.06.03 19:39:57 INFO  [error] Total time: 30 s, completed Jun 3, 2020, 7:39:57 PM
2020.06.03 19:39:57 INFO  build tool exit: 1
2020.06.03 19:39:58 INFO  time: ran 'sbt bloopInstall' in 36s
2020.06.03 19:39:58 INFO  disconnected: build server
2020.06.03 19:39:58 ERROR sbt command failed: /usr/lib/jvm/java-11-openjdk-amd64/bin/java -Djline.terminal=jline.UnsupportedTerminal -Dsbt.log.noformat=true -Dfile.encoding=UTF-8 -jar /tmp/metals10907340997420085256/sbt-launch.jar -Dbloop.export-jar-classifiers=sources bloopInstall
No more data in the client stdin, exiting...
No more data in the server stdin, exiting...
No more data in the server stdin, exiting...
Starting the bsp launcher for bloop...
Opening a bsp server connection with 'bsp --protocol local --socket /tmp/bsp-launcher12523049356071284658/bsp.socket'...
Waiting for the bsp connection to come up...
[0m[32m[D][0m Loading workspace settings from bloop.settings.json
[0m[32m[D][0m Waiting for a connection at local:///tmp/bsp-launcher12523049356071284658/bsp.socket...
The server is listening for incoming connections at local:///tmp/bsp-launcher12523049356071284658/bsp.socket...
Starting thread that pumps stdin and redirects it to the bsp server...
Starting thread that pumps server stdout and redirects it to the client stdout...
2020.06.03 19:39:58 INFO  tracing is disabled for protocol BSP, to enable tracing of incoming and outgoing JSON messages create an empty file at /home/valtteri/.cache/metals/bsp.trace.json
2020.06.03 19:39:58 INFO  Connected to Build server v1.4.0-RC1-229-b7c15aa9
2020.06.03 19:39:58 WARN  Could not find java sources in None. Java symbols will not be available.
2020.06.03 19:39:58 INFO  time: indexed workspace in 0.83s
2020.06.03 19:39:59 WARN  unsupported Scala 2.12.6
2020.06.03 19:57:41 WARN  unsupported Scala 2.12.6
